time="2022-11-30T08:44:16.378538" level=error msg="invalid script directory supplied. CreateFile C:/Users/AC75008734/Projets: Le fichier spécifié est introuvable."
time="2022-11-30T08:44:16.566354" level=warning msg="VUser log is not initialized, use default settings"
time="2022-11-30T08:46:12.03837" level=error msg="invalid script directory supplied. CreateFile C:/Users/AC75008734/Projets: Le fichier spécifié est introuvable."
time="2022-11-30T08:46:12.062773" level=warning msg="VUser log is not initialized, use default settings"
time="2022-11-30T08:49:26.299968" level=info
time="2022-11-30T08:49:26.323671" level=info msg="Starting DevWeb, execution mode 'single'"
time="2022-11-30T08:49:26.324749" level=warning msg="VUser log is not initialized, use default settings"
time="2022-11-30T08:49:26.350607" level=info msg="Running build Release_2022.2.0_2378 on windows"
time="2022-11-30T08:49:26.360355" level=info msg="Vuser log mode configured to full"
time="2022-11-30T08:49:26.360881" level=info msg="DevWeb started running script: C:/Users/AC75008734/ProjetsWebStorm/MyDevWebProject"
time="2022-11-30T08:49:26.361406" level=info msg="Results are stored in C:/Users/AC75008734/ProjetsWebStorm/MyDevWebProject/results"
time="2022-11-30T08:49:27.514511" level=info msg="AppLoader loaded component JSRunner"
time="2022-11-30T08:49:27.514583" level=info msg="RunLogic loading with 'Scheduler' plugin"
time="2022-11-30T08:49:27.514583" level=info msg="RunLogic loading with 'Storm Recorder' plugin"
time="2022-11-30T08:49:27.514583" level=info msg="RunLogic loading with 'Replay Summary' plugin"
time="2022-11-30T08:49:27.51595" level=info msg="AppLoader loaded component RunLogic"
time="2022-11-30T08:49:27.517536" level=info msg="AppLoader loaded component NetLoader"
time="2022-11-30T08:49:27.520349" level=info msg="AppLoader loaded component DataMonitor"
time="2022-11-30T08:49:27.788893" level=info msg="==== AppLoader starting initialization phase ===="
time="2022-11-30T08:49:27.789045" level=info msg="Configured SQLite measurements database 'C:/Users/AC75008734/ProjetsWebStorm/MyDevWebProject/results/devWebDB.db'"
time="2022-11-30T08:49:27.857875" level=info msg="==== AppLoader starting run phase ===="
time="2022-11-30T08:49:27.857875" level=info msg="Test load configuration (1 vuser, 1 iterations, 0 sec pacing)"
time="2022-11-30T08:51:04.989981" level=info
time="2022-11-30T08:51:05.010017" level=info msg="Starting DevWeb, execution mode 'single'"
time="2022-11-30T08:51:05.022331" level=info msg="Running build Release_2022.2.0_2378 on windows"
time="2022-11-30T08:51:05.026566" level=info msg="Vuser log mode configured to full"
time="2022-11-30T08:51:05.026566" level=info msg="DevWeb started running script: C:/Users/AC75008734/ProjetsWebStorm/MyDevWebProject"
time="2022-11-30T08:51:05.027101" level=info msg="Results are stored in C:/Users/AC75008734/ProjetsWebStorm/MyDevWebProject/results_1669794665011245500"
time="2022-11-30T08:51:05.029344" level=info msg="AppLoader loaded component DataMonitor"
time="2022-11-30T08:51:05.155038" level=info msg="AppLoader loaded component JSRunner"
time="2022-11-30T08:51:05.155412" level=info msg="RunLogic loading with 'Scheduler' plugin"
time="2022-11-30T08:51:05.155486" level=info msg="RunLogic loading with 'Storm Recorder' plugin"
time="2022-11-30T08:51:05.155564" level=info msg="RunLogic loading with 'Replay Summary' plugin"
time="2022-11-30T08:51:05.157236" level=info msg="AppLoader loaded component RunLogic"
time="2022-11-30T08:51:05.157989" level=info msg="AppLoader loaded component NetLoader"
time="2022-11-30T08:51:05.198026" level=info msg="==== AppLoader starting initialization phase ===="
time="2022-11-30T08:51:05.198617" level=info msg="Configured SQLite measurements database 'C:/Users/AC75008734/ProjetsWebStorm/MyDevWebProject/results_1669794665011245500/devWebDB.db'"
time="2022-11-30T08:51:05.282827" level=info msg="==== AppLoader starting run phase ===="
time="2022-11-30T08:51:05.284052" level=info msg="Test load configuration (1 vuser, 1 iterations, 0 sec pacing)"
time="2022-11-30T08:51:05.646245" level=info msg="VuserId 1 started."
time="2022-11-30T08:51:05.689105" level=info msg="Vuser [1] iteration 1 completed. (38.1727ms)"
time="2022-11-30T08:51:05.691205" level=info msg="Vuser [1] execution complete. (current running Vusers: 0)"
time="2022-11-30T08:51:05.691205" level=info msg="==== All Vusers execution finished ===="
time="2022-11-30T08:51:05.691729" level=info msg="==== AppLoader starting closing phase ===="
time="2022-11-30T08:51:05.982451" level=info msg="==== All components closed successfully ===="
time="2022-11-30T08:51:05.982996" level=info msg="==== AppLoader starting stopping phase ===="
time="2022-11-30T08:51:07.002571" level=info msg="==== All components stopped successfully ===="
time="2022-11-30T08:52:35.228061" level=info
time="2022-11-30T08:52:35.25192" level=info msg="Starting DevWeb, execution mode 'single'"
time="2022-11-30T08:52:35.265723" level=info msg="Running build Release_2022.2.0_2378 on windows"
time="2022-11-30T08:52:35.270476" level=info msg="Vuser log mode configured to full"
time="2022-11-30T08:52:35.270995" level=info msg="DevWeb started running script: C:/Users/AC75008734/ProjetsWebStorm/MyDevWebProject"
time="2022-11-30T08:52:35.270995" level=info msg="Results are stored in C:/Users/AC75008734/ProjetsWebStorm/MyDevWebProject/results_1669794755252986100"
time="2022-11-30T08:52:35.393732" level=info msg="AppLoader loaded component JSRunner"
time="2022-11-30T08:52:35.393858" level=info msg="RunLogic loading with 'Scheduler' plugin"
time="2022-11-30T08:52:35.394419" level=info msg="RunLogic loading with 'Storm Recorder' plugin"
time="2022-11-30T08:52:35.394419" level=info msg="RunLogic loading with 'Replay Summary' plugin"
time="2022-11-30T08:52:35.397827" level=info msg="AppLoader loaded component RunLogic"
time="2022-11-30T08:52:35.399117" level=info msg="AppLoader loaded component NetLoader"
time="2022-11-30T08:52:35.400442" level=info msg="AppLoader loaded component DataMonitor"
time="2022-11-30T08:52:35.442218" level=info msg="==== AppLoader starting initialization phase ===="
time="2022-11-30T08:52:35.442786" level=info msg="Configured SQLite measurements database 'C:/Users/AC75008734/ProjetsWebStorm/MyDevWebProject/results_1669794755252986100/devWebDB.db'"
time="2022-11-30T08:52:35.524745" level=info msg="==== AppLoader starting run phase ===="
time="2022-11-30T08:52:35.525324" level=info msg="Test load configuration (1 vuser, 1 iterations, 0 sec pacing)"
time="2022-11-30T08:52:35.752454" level=info msg="VuserId 1 started."
time="2022-11-30T08:52:35.783844" level=info msg="Vuser [1] iteration 1 completed. (26.694ms)"
time="2022-11-30T08:52:35.784926" level=info msg="Vuser [1] execution complete. (current running Vusers: 0)"
time="2022-11-30T08:52:35.786271" level=info msg="==== All Vusers execution finished ===="
time="2022-11-30T08:52:35.786874" level=info msg="==== AppLoader starting closing phase ===="
time="2022-11-30T08:52:36.063046" level=info msg="==== All components closed successfully ===="
time="2022-11-30T08:52:36.06359" level=info msg="==== AppLoader starting stopping phase ===="
time="2022-11-30T08:52:37.076982" level=info msg="==== All components stopped successfully ===="
time="2022-11-30T08:53:24.116936" level=info
time="2022-11-30T08:53:24.139152" level=info msg="Starting DevWeb, execution mode 'single'"
time="2022-11-30T08:53:24.154097" level=info msg="Running build Release_2022.2.0_2378 on windows"
time="2022-11-30T08:53:24.158551" level=info msg="Vuser log mode configured to full"
time="2022-11-30T08:53:24.158551" level=info msg="DevWeb started running script: C:/Users/AC75008734/ProjetsWebStorm/MyDevWebProject"
time="2022-11-30T08:53:24.158551" level=info msg="Results are stored in C:/Users/AC75008734/ProjetsWebStorm/MyDevWebProject/results_1669794804139795400"
time="2022-11-30T08:53:24.277397" level=info msg="AppLoader loaded component JSRunner"
time="2022-11-30T08:53:24.277684" level=info msg="RunLogic loading with 'Scheduler' plugin"
time="2022-11-30T08:53:24.2788" level=info msg="RunLogic loading with 'Storm Recorder' plugin"
time="2022-11-30T08:53:24.2788" level=info msg="RunLogic loading with 'Replay Summary' plugin"
time="2022-11-30T08:53:24.281789" level=info msg="AppLoader loaded component RunLogic"
time="2022-11-30T08:53:24.282892" level=info msg="AppLoader loaded component NetLoader"
time="2022-11-30T08:53:24.283946" level=info msg="AppLoader loaded component DataMonitor"
time="2022-11-30T08:53:24.334489" level=info msg="==== AppLoader starting initialization phase ===="
time="2022-11-30T08:53:24.334489" level=info msg="Configured SQLite measurements database 'C:/Users/AC75008734/ProjetsWebStorm/MyDevWebProject/results_1669794804139795400/devWebDB.db'"
time="2022-11-30T08:53:24.410908" level=info msg="==== AppLoader starting run phase ===="
time="2022-11-30T08:53:24.410908" level=info msg="Test load configuration (1 vuser, 1 iterations, 0 sec pacing)"
time="2022-11-30T08:53:24.61138" level=info msg="VuserId 1 started."
time="2022-11-30T08:53:24.641851" level=info msg="Vuser [1] iteration 1 completed. (25.9486ms)"
time="2022-11-30T08:53:24.643455" level=info msg="Vuser [1] execution complete. (current running Vusers: 0)"
time="2022-11-30T08:53:24.643455" level=info msg="==== All Vusers execution finished ===="
time="2022-11-30T08:53:24.643455" level=info msg="==== AppLoader starting closing phase ===="
time="2022-11-30T08:53:24.87973" level=info msg="==== All components closed successfully ===="
time="2022-11-30T08:53:24.87973" level=info msg="==== AppLoader starting stopping phase ===="
time="2022-11-30T08:53:25.886905" level=info msg="==== All components stopped successfully ===="
time="2022-11-30T13:39:09.000667" level=error msg="invalid script directory supplied. <nil>"
time="2022-11-30T13:39:09.025922" level=warning msg="VUser log is not initialized, use default settings"
time="2022-11-30T13:40:10.716995" level=info
time="2022-11-30T13:40:10.739302" level=info msg="Starting DevWeb, execution mode 'single'"
time="2022-11-30T13:40:10.765403" level=info msg="Running build Release_2022.2.0_2378 on windows"
time="2022-11-30T13:40:10.775255" level=info msg="Vuser log mode configured to full"
time="2022-11-30T13:40:10.77804" level=info msg="DevWeb started running script: C:/Users/AC75008734/Desktop/Dossiers/Projets/Projet_1_(LoadRunner_Developer)/Scripts/ScriptJenkins"
time="2022-11-30T13:40:10.778228" level=info msg="Results are stored in C:/Users/AC75008734/Desktop/Dossiers/Projets/Projet_1_(LoadRunner_Developer)/Scripts/ScriptJenkins/results"
time="2022-11-30T13:40:10.780379" level=info msg="AppLoader loaded component NetLoader"
time="2022-11-30T13:40:10.781968" level=info msg="AppLoader loaded component DataMonitor"
time="2022-11-30T13:40:11.382711" level=info msg="AppLoader loaded component JSRunner"
time="2022-11-30T13:40:11.383165" level=info msg="RunLogic loading with 'Scheduler' plugin"
time="2022-11-30T13:40:11.383321" level=info msg="RunLogic loading with 'Storm Recorder' plugin"
time="2022-11-30T13:40:11.383401" level=info msg="RunLogic loading with 'Replay Summary' plugin"
time="2022-11-30T13:40:11.39222" level=info msg="AppLoader loaded component RunLogic"
time="2022-11-30T13:40:11.510175" level=info msg="==== AppLoader starting initialization phase ===="
time="2022-11-30T13:40:11.510175" level=info msg="Configured SQLite measurements database 'C:/Users/AC75008734/Desktop/Dossiers/Projets/Projet_1_(LoadRunner_Developer)/Scripts/ScriptJenkins/results/devWebDB.db'"
time="2022-11-30T13:40:11.580981" level=info msg="==== AppLoader starting run phase ===="
time="2022-11-30T13:40:11.58137" level=info msg="Test load configuration (1 vuser, 1 iterations, 0 sec pacing)"
time="2022-11-30T13:40:11.89828" level=info msg="VuserId 1 started."
time="2022-11-30T13:40:12.014767" level=info msg="Vuser [1] iteration 1 completed. (111.1764ms)"
time="2022-11-30T13:40:12.019269" level=info msg="Vuser [1] execution complete. (current running Vusers: 0)"
time="2022-11-30T13:40:12.019269" level=info msg="==== All Vusers execution finished ===="
time="2022-11-30T13:40:12.019827" level=info msg="==== AppLoader starting closing phase ===="
time="2022-11-30T13:40:12.303443" level=info msg="==== All components closed successfully ===="
time="2022-11-30T13:40:12.303443" level=info msg="==== AppLoader starting stopping phase ===="
time="2022-11-30T13:40:13.330316" level=info msg="==== All components stopped successfully ===="
time="2022-11-30T13:40:22.476344" level=info
time="2022-11-30T13:40:22.501013" level=info msg="Starting DevWeb, execution mode 'single'"
time="2022-11-30T13:40:22.517592" level=info msg="Running build Release_2022.2.0_2378 on windows"
time="2022-11-30T13:40:22.521566" level=info msg="Vuser log mode configured to full"
time="2022-11-30T13:40:22.523264" level=info msg="DevWeb started running script: C:/Users/AC75008734/Desktop/Dossiers/Projets/Projet_1_(LoadRunner_Developer)/Scripts/ScriptJenkins"
time="2022-11-30T13:40:22.523264" level=info msg="Results are stored in C:/Users/AC75008734/Desktop/Dossiers/Projets/Projet_1_(LoadRunner_Developer)/Scripts/ScriptJenkins/results"
time="2022-11-30T13:40:22.526067" level=info msg="AppLoader loaded component DataMonitor"
time="2022-11-30T13:40:22.652266" level=info msg="AppLoader loaded component JSRunner"
time="2022-11-30T13:40:22.652266" level=info msg="RunLogic loading with 'Scheduler' plugin"
time="2022-11-30T13:40:22.652266" level=info msg="RunLogic loading with 'Storm Recorder' plugin"
time="2022-11-30T13:40:22.652266" level=info msg="RunLogic loading with 'Replay Summary' plugin"
time="2022-11-30T13:40:22.656869" level=info msg="AppLoader loaded component RunLogic"
time="2022-11-30T13:40:22.657388" level=info msg="AppLoader loaded component NetLoader"
time="2022-11-30T13:40:22.695409" level=info msg="==== AppLoader starting initialization phase ===="
time="2022-11-30T13:40:22.695409" level=info msg="Configured SQLite measurements database 'C:/Users/AC75008734/Desktop/Dossiers/Projets/Projet_1_(LoadRunner_Developer)/Scripts/ScriptJenkins/results/devWebDB.db'"
time="2022-11-30T13:40:22.763998" level=info msg="==== AppLoader starting run phase ===="
time="2022-11-30T13:40:22.763998" level=info msg="Test load configuration (1 vuser, 1 iterations, 0 sec pacing)"
time="2022-11-30T13:40:22.965298" level=info msg="VuserId 1 started."
time="2022-11-30T13:40:23.004704" level=info msg="Vuser [1] iteration 1 completed. (33.2476ms)"
time="2022-11-30T13:40:23.007695" level=info msg="Vuser [1] execution complete. (current running Vusers: 0)"
time="2022-11-30T13:40:23.007695" level=info msg="==== All Vusers execution finished ===="
time="2022-11-30T13:40:23.007695" level=info msg="==== AppLoader starting closing phase ===="
time="2022-11-30T13:40:23.24164" level=info msg="==== All components closed successfully ===="
time="2022-11-30T13:40:23.24164" level=info msg="==== AppLoader starting stopping phase ===="
time="2022-11-30T13:40:24.273857" level=info msg="==== All components stopped successfully ===="
time="2022-11-30T13:40:34.137823" level=info
time="2022-11-30T13:40:34.162202" level=info msg="Starting DevWeb, execution mode 'single'"
time="2022-11-30T13:40:34.179368" level=info msg="Running build Release_2022.2.0_2378 on windows"
time="2022-11-30T13:40:34.183873" level=info msg="Vuser log mode configured to full"
time="2022-11-30T13:40:34.18543" level=info msg="DevWeb started running script: C:/Users/AC75008734/Desktop/Dossiers/Projets/Projet_1_(LoadRunner_Developer)/Scripts/ScriptJenkins"
time="2022-11-30T13:40:34.18543" level=info msg="Results are stored in C:/Users/AC75008734/Desktop/Dossiers/Projets/Projet_1_(LoadRunner_Developer)/Scripts/ScriptJenkins/results"
time="2022-11-30T13:40:34.300975" level=info msg="AppLoader loaded component JSRunner"
time="2022-11-30T13:40:34.301148" level=info msg="RunLogic loading with 'Scheduler' plugin"
time="2022-11-30T13:40:34.301148" level=info msg="RunLogic loading with 'Storm Recorder' plugin"
time="2022-11-30T13:40:34.301148" level=info msg="RunLogic loading with 'Replay Summary' plugin"
time="2022-11-30T13:40:34.307056" level=info msg="AppLoader loaded component RunLogic"
time="2022-11-30T13:40:34.307839" level=info msg="AppLoader loaded component NetLoader"
time="2022-11-30T13:40:34.308992" level=info msg="AppLoader loaded component DataMonitor"
time="2022-11-30T13:40:34.35476" level=info msg="==== AppLoader starting initialization phase ===="
time="2022-11-30T13:40:34.355286" level=info msg="Configured SQLite measurements database 'C:/Users/AC75008734/Desktop/Dossiers/Projets/Projet_1_(LoadRunner_Developer)/Scripts/ScriptJenkins/results/devWebDB.db'"
time="2022-11-30T13:40:34.424211" level=info msg="==== AppLoader starting run phase ===="
time="2022-11-30T13:40:34.424223" level=info msg="Test load configuration (1 vuser, 1 iterations, 0 sec pacing)"
time="2022-11-30T13:40:34.625677" level=info msg="VuserId 1 started."
time="2022-11-30T13:40:34.664047" level=info msg="Vuser [1] iteration 1 completed. (31.3727ms)"
time="2022-11-30T13:40:34.666047" level=info msg="Vuser [1] execution complete. (current running Vusers: 0)"
time="2022-11-30T13:40:34.666047" level=info msg="==== All Vusers execution finished ===="
time="2022-11-30T13:40:34.666047" level=info msg="==== AppLoader starting closing phase ===="
time="2022-11-30T13:40:34.960596" level=info msg="==== All components closed successfully ===="
time="2022-11-30T13:40:34.960596" level=info msg="==== AppLoader starting stopping phase ===="
time="2022-11-30T13:40:35.985058" level=info msg="==== All components stopped successfully ===="
time="2022-11-30T13:40:54.443354" level=info
time="2022-11-30T13:40:54.468925" level=info msg="Starting DevWeb, execution mode 'single'"
time="2022-11-30T13:40:54.486194" level=info msg="Running build Release_2022.2.0_2378 on windows"
time="2022-11-30T13:40:54.490667" level=info msg="Vuser log mode configured to full"
time="2022-11-30T13:40:54.492878" level=info msg="DevWeb started running script: C:/Users/AC75008734/Desktop/Dossiers/Projets/Projet_1_(LoadRunner_Developer)/Scripts/ScriptJenkins"
time="2022-11-30T13:40:54.493492" level=info msg="Results are stored in C:/Users/AC75008734/Desktop/Dossiers/Projets/Projet_1_(LoadRunner_Developer)/Scripts/ScriptJenkins/results"
time="2022-11-30T13:40:54.6159" level=info msg="AppLoader loaded component JSRunner"
time="2022-11-30T13:40:54.6159" level=info msg="RunLogic loading with 'Scheduler' plugin"
time="2022-11-30T13:40:54.6159" level=info msg="RunLogic loading with 'Storm Recorder' plugin"
time="2022-11-30T13:40:54.6159" level=info msg="RunLogic loading with 'Replay Summary' plugin"
time="2022-11-30T13:40:54.62126" level=info msg="AppLoader loaded component RunLogic"
time="2022-11-30T13:40:54.62243" level=info msg="AppLoader loaded component NetLoader"
time="2022-11-30T13:40:54.623514" level=info msg="AppLoader loaded component DataMonitor"
time="2022-11-30T13:40:54.651873" level=info msg="==== AppLoader starting initialization phase ===="
time="2022-11-30T13:40:54.652879" level=info msg="Configured SQLite measurements database 'C:/Users/AC75008734/Desktop/Dossiers/Projets/Projet_1_(LoadRunner_Developer)/Scripts/ScriptJenkins/results/devWebDB.db'"
time="2022-11-30T13:40:54.723772" level=info msg="==== AppLoader starting run phase ===="
time="2022-11-30T13:40:54.725431" level=info msg="Test load configuration (1 vuser, 1 iterations, 0 sec pacing)"
time="2022-11-30T13:40:54.925751" level=info msg="VuserId 1 started."
time="2022-11-30T13:40:54.965304" level=info msg="Vuser [1] iteration 1 completed. (33.7898ms)"
time="2022-11-30T13:40:54.967299" level=info msg="Vuser [1] execution complete. (current running Vusers: 0)"
time="2022-11-30T13:40:54.967299" level=info msg="==== All Vusers execution finished ===="
time="2022-11-30T13:40:54.967299" level=info msg="==== AppLoader starting closing phase ===="
time="2022-11-30T13:40:55.201215" level=info msg="==== All components closed successfully ===="
time="2022-11-30T13:40:55.201215" level=info msg="==== AppLoader starting stopping phase ===="
time="2022-11-30T13:40:56.245335" level=info msg="==== All components stopped successfully ===="
time="2022-11-30T13:41:01.60318" level=info
time="2022-11-30T13:41:01.631424" level=info msg="Starting DevWeb, execution mode 'single'"
time="2022-11-30T13:41:01.650985" level=info msg="Running build Release_2022.2.0_2378 on windows"
time="2022-11-30T13:41:01.654834" level=info msg="Vuser log mode configured to full"
time="2022-11-30T13:41:01.656375" level=info msg="DevWeb started running script: C:/Users/AC75008734/Desktop/Dossiers/Projets/Projet_1_(LoadRunner_Developer)/Scripts/ScriptJenkins"
time="2022-11-30T13:41:01.656375" level=info msg="Results are stored in C:/Users/AC75008734/Desktop/Dossiers/Projets/Projet_1_(LoadRunner_Developer)/Scripts/ScriptJenkins/results"
time="2022-11-30T13:41:01.658244" level=info msg="RunLogic loading with 'Scheduler' plugin"
time="2022-11-30T13:41:01.658244" level=info msg="RunLogic loading with 'Storm Recorder' plugin"
time="2022-11-30T13:41:01.658244" level=info msg="RunLogic loading with 'Replay Summary' plugin"
time="2022-11-30T13:41:01.661519" level=info msg="AppLoader loaded component RunLogic"
time="2022-11-30T13:41:01.66251" level=info msg="AppLoader loaded component NetLoader"
time="2022-11-30T13:41:01.665503" level=info msg="AppLoader loaded component DataMonitor"
time="2022-11-30T13:41:01.783584" level=info msg="AppLoader loaded component JSRunner"
time="2022-11-30T13:41:01.818926" level=info msg="==== AppLoader starting initialization phase ===="
time="2022-11-30T13:41:01.819027" level=info msg="Configured SQLite measurements database 'C:/Users/AC75008734/Desktop/Dossiers/Projets/Projet_1_(LoadRunner_Developer)/Scripts/ScriptJenkins/results/devWebDB.db'"
time="2022-11-30T13:41:01.901063" level=info msg="==== AppLoader starting run phase ===="
time="2022-11-30T13:41:01.901063" level=info msg="Test load configuration (1 vuser, 1 iterations, 0 sec pacing)"
time="2022-11-30T13:41:02.096837" level=info msg="VuserId 1 started."
time="2022-11-30T13:41:02.134584" level=info msg="Vuser [1] iteration 1 completed. (31.3446ms)"
time="2022-11-30T13:41:02.136617" level=info msg="Vuser [1] execution complete. (current running Vusers: 0)"
time="2022-11-30T13:41:02.136617" level=info msg="==== All Vusers execution finished ===="
time="2022-11-30T13:41:02.136617" level=info msg="==== AppLoader starting closing phase ===="
time="2022-11-30T13:41:02.404984" level=info msg="==== All components closed successfully ===="
time="2022-11-30T13:41:02.40501" level=info msg="==== AppLoader starting stopping phase ===="
time="2022-11-30T13:41:03.432976" level=info msg="==== All components stopped successfully ===="
