[13:49:52.29] Info: Launching Proxy Recorder with the following args: [--listen-port 8156 --set termlog_verbosity=info --set flow_detail=2 --anticache --set ssl_insecure=true --set confdir=C:/Users/AC75008734/Desktop/Dossiers/Projets/Projet_1_(LoadRunner_Developer)/LRD/LoadRunner_Developer_2022.2/DevWeb/cert --set add_upstream_certs_to_client_chain=true --scripts C:/Users/AC75008734/Desktop/Dossiers/Projets/Projet_1_(LoadRunner_Developer)/LRD/LoadRunner_Developer_2022.2/DevWeb/addonScripts/LogFormatter.py --scripts C:/Users/AC75008734/Desktop/Dossiers/Projets/Projet_1_(LoadRunner_Developer)/LRD/LoadRunner_Developer_2022.2/DevWeb/addonScripts/NetworkDumper.py --set har_dump_file_path=C:\Users\AC75008734\Desktop\Dossiers\Projets\Projet_1_(LoadRunner_Developer)\LRD\LoadRunner_Developer_2022.2\DevWeb\Urssaf.har]
[13:49:52.31] Info: The Proxy Recorder is initializing. Please wait for the next message before starting your business workflow..
[13:49:59.44] Info: Loading script C:/Users/AC75008734/Desktop/Dossiers/Projets/Projet_1_(LoadRunner_Developer)/LRD/LoadRunner_Developer_2022.2/DevWeb/addonScripts/LogFormatter.py
[13:49:59.45] Info: Loading script C:/Users/AC75008734/Desktop/Dossiers/Projets/Projet_1_(LoadRunner_Developer)/LRD/LoadRunner_Developer_2022.2/DevWeb/addonScripts/NetworkDumper.py
[13:49:59.45] Info: Press any key to stop the recording
[13:49:59.45] Info: Proxy server listening at http://*:8156
[13:50:33.02] Info: 127.0.0.1:58337: clientconnect
[13:50:33.32] Info: 127.0.0.1:58337: GET https://www.urssaf.fr/
[13:50:33.33] Info:     Host: www.urssaf.fr
[13:50:33.33] Info:     User-Agent: Mozilla/5.0 (Windows NT 10.0; Win64; x64; rv:102.0) Gecko/20100101 Firefox/102.0
[13:50:33.33] Info:     Accept: text/html,application/xhtml+xml,application/xml;q=0.9,image/avif,image/webp,*/*;q=0.8
[13:50:33.33] Info:     Accept-Language: fr,fr-FR;q=0.8,en-US;q=0.5,en;q=0.3
[13:50:33.33] Info:     Accept-Encoding: gzip, deflate, br
[13:50:33.33] Info:     DNT: 1
[13:50:33.33] Info:     Upgrade-Insecure-Requests: 1
[13:50:33.33] Info:     Connection: keep-alive
[13:50:33.33] Info:     Cookie: JSESSIONID=D5DA153377A9F700F53AD1AC9ECBAEA4.hwi31cotlifoappli2; atuserid=%7B%22name%22%3A%22atuserid%22%2C%22val%22%3A%229090db7c-8843-4f49-a463-4995b01d71ba%22%2C%22options%22%3A%7B%22end%22%3A%222024-01-07T12%3A50%3A16.125Z%22%2C%22path%22%3A%22%2F%22%7D%7D; atauthority=%7B%22name%22%3A%22atauthority%22%2C%22val%22%3A%7B%22authority_name%22%3A%22cnil%22%2C%22visitor_mode%22%3A%22exempt%22%7D%2C%22options%22%3A%7B%22end%22%3A%222024-01-07T12%3A50%3A16.126Z%22%2C%22path%22%3A%22%2F%22%7D%7D; TCPID=12212213501611891956470
[13:50:33.33] Info:     Sec-Fetch-Dest: document
[13:50:33.33] Info:     Sec-Fetch-Mode: navigate
[13:50:33.33] Info:     Sec-Fetch-Site: none
[13:50:33.33] Info:     Sec-Fetch-User: ?1
[13:50:33.33] Info:  << 302 Found 213b
[13:50:33.33] Info:     Date: Tue, 06 Dec 2022 12:50:33 GMT
[13:50:33.33] Info:     Server: Apache
[13:50:33.33] Info:     Location: https://www.urssaf.fr/portail/
[13:50:33.33] Info:     Content-Length: 213
[13:50:33.33] Info:     Keep-Alive: timeout=60
[13:50:33.33] Info:     Connection: Keep-Alive
[13:50:33.33] Info:     Content-Type: text/html; charset=iso-8859-1
[13:50:33.33] Info:     Access-Control-Allow-Origin: https://assistance2.urssaf.fr
[13:50:33.33] Info:     Strict-Transport-Security: max-age=31536000; includeSubDomains; preload
[13:50:33.39] Info: 127.0.0.1:58337: GET https://www.urssaf.fr/portail/
[13:50:33.39] Info:     Host: www.urssaf.fr
[13:50:33.39] Info:     User-Agent: Mozilla/5.0 (Windows NT 10.0; Win64; x64; rv:102.0) Gecko/20100101 Firefox/102.0
[13:50:33.39] Info:     Accept: text/html,application/xhtml+xml,application/xml;q=0.9,image/avif,image/webp,*/*;q=0.8
[13:50:33.39] Info:     Accept-Language: fr,fr-FR;q=0.8,en-US;q=0.5,en;q=0.3
[13:50:33.39] Info:     Accept-Encoding: gzip, deflate, br
[13:50:33.39] Info:     DNT: 1
[13:50:33.39] Info:     Connection: keep-alive
[13:50:33.39] Info:     Cookie: JSESSIONID=D5DA153377A9F700F53AD1AC9ECBAEA4.hwi31cotlifoappli2; atuserid=%7B%22name%22%3A%22atuserid%22%2C%22val%22%3A%229090db7c-8843-4f49-a463-4995b01d71ba%22%2C%22options%22%3A%7B%22end%22%3A%222024-01-07T12%3A50%3A16.125Z%22%2C%22path%22%3A%22%2F%22%7D%7D; atauthority=%7B%22name%22%3A%22atauthority%22%2C%22val%22%3A%7B%22authority_name%22%3A%22cnil%22%2C%22visitor_mode%22%3A%22exempt%22%7D%2C%22options%22%3A%7B%22end%22%3A%222024-01-07T12%3A50%3A16.126Z%22%2C%22path%22%3A%22%2F%22%7D%7D; TCPID=12212213501611891956470
[13:50:33.39] Info:     Upgrade-Insecure-Requests: 1
[13:50:33.39] Info:     Sec-Fetch-Dest: document
[13:50:33.39] Info:     Sec-Fetch-Mode: navigate
[13:50:33.39] Info:     Sec-Fetch-Site: none
[13:50:33.39] Info:     Sec-Fetch-User: ?1
[13:50:33.40] Info:  << 302 Déplacé Temporairement 20b
[13:50:33.40] Info:     Date: Tue, 06 Dec 2022 12:50:33 GMT
[13:50:33.40] Info:     Expires: Wed, 09 May 1979 05:30:00 GMT
[13:50:33.40] Info:     Cache-Control: no-cache, no-store, must-revalidate, proxy-revalidate, max-age=0
[13:50:33.40] Info:     Pragma: no-cache
[13:50:33.40] Info:     Location: /portail/home.html
[13:50:33.40] Info:     Vary: Accept-Encoding,User-Agent
[13:50:33.40] Info:     Content-Encoding: gzip
[13:50:33.40] Info:     Content-Length: 20
[13:50:33.40] Info:     Keep-Alive: timeout=60
[13:50:33.40] Info:     Connection: Keep-Alive
[13:50:33.40] Info:     Content-Type: text/plain; charset=UTF-8
[13:50:33.40] Info:     Access-Control-Allow-Origin: https://assistance2.urssaf.fr
[13:50:33.40] Info:     Strict-Transport-Security: max-age=31536000; includeSubDomains; preload
[13:50:33.52] Info: 127.0.0.1:58337: GET https://www.urssaf.fr/portail/home.html
[13:50:33.52] Info:     Host: www.urssaf.fr
[13:50:33.52] Info:     User-Agent: Mozilla/5.0 (Windows NT 10.0; Win64; x64; rv:102.0) Gecko/20100101 Firefox/102.0
[13:50:33.52] Info:     Accept: text/html,application/xhtml+xml,application/xml;q=0.9,image/avif,image/webp,*/*;q=0.8
[13:50:33.52] Info:     Accept-Language: fr,fr-FR;q=0.8,en-US;q=0.5,en;q=0.3
[13:50:33.52] Info:     Accept-Encoding: gzip, deflate, br
[13:50:33.52] Info:     DNT: 1
[13:50:33.52] Info:     Connection: keep-alive
[13:50:33.52] Info:     Cookie: JSESSIONID=D5DA153377A9F700F53AD1AC9ECBAEA4.hwi31cotlifoappli2; atuserid=%7B%22name%22%3A%22atuserid%22%2C%22val%22%3A%229090db7c-8843-4f49-a463-4995b01d71ba%22%2C%22options%22%3A%7B%22end%22%3A%222024-01-07T12%3A50%3A16.125Z%22%2C%22path%22%3A%22%2F%22%7D%7D; atauthority=%7B%22name%22%3A%22atauthority%22%2C%22val%22%3A%7B%22authority_name%22%3A%22cnil%22%2C%22visitor_mode%22%3A%22exempt%22%7D%2C%22options%22%3A%7B%22end%22%3A%222024-01-07T12%3A50%3A16.126Z%22%2C%22path%22%3A%22%2F%22%7D%7D; TCPID=12212213501611891956470
[13:50:33.52] Info:     Upgrade-Insecure-Requests: 1
[13:50:33.52] Info:     Sec-Fetch-Dest: document
[13:50:33.52] Info:     Sec-Fetch-Mode: navigate
[13:50:33.52] Info:     Sec-Fetch-Site: none
[13:50:33.52] Info:     Sec-Fetch-User: ?1
[13:50:33.52] Info:  << 200 OK 12.84k
[13:50:33.52] Info:     Date: Tue, 06 Dec 2022 12:50:33 GMT
[13:50:33.52] Info:     Expires: Wed, 09 May 1979 05:30:00 GMT
[13:50:33.52] Info:     Cache-Control: no-cache, no-store, must-revalidate, proxy-revalidate, max-age=0
[13:50:33.52] Info:     Pragma: no-cache
[13:50:33.52] Info:     Content-Type: text/html;charset=UTF-8
[13:50:33.52] Info:     Vary: Accept-Encoding,User-Agent
[13:50:33.52] Info:     Content-Encoding: gzip
[13:50:33.52] Info:     Content-Length: 13144
[13:50:33.52] Info:     Keep-Alive: timeout=60
[13:50:33.52] Info:     Connection: Keep-Alive
[13:50:33.52] Info:     Access-Control-Allow-Origin: https://assistance2.urssaf.fr
[13:50:33.52] Info:     Strict-Transport-Security: max-age=31536000; includeSubDomains; preload
[13:50:33.58] Info: 127.0.0.1:58339: clientconnect
[13:50:33.59] Info: 127.0.0.1:58340: clientconnect
[13:50:33.59] Info: 127.0.0.1:58341: clientconnect
[13:50:33.61] Info: 127.0.0.1:58342: clientconnect
[13:50:33.63] Info: 127.0.0.1:58337: GET https://www.urssaf.fr/portail/files/live/sites/urssaf/files/Logos/logo.svg
[13:50:33.63] Info:     Host: www.urssaf.fr
[13:50:33.63] Info:     User-Agent: Mozilla/5.0 (Windows NT 10.0; Win64; x64; rv:102.0) Gecko/20100101 Firefox/102.0
[13:50:33.63] Info:     Accept: image/avif,image/webp,*/*
[13:50:33.63] Info:     Accept-Language: fr,fr-FR;q=0.8,en-US;q=0.5,en;q=0.3
[13:50:33.63] Info:     Accept-Encoding: gzip, deflate, br
[13:50:33.63] Info:     DNT: 1
[13:50:33.63] Info:     Connection: keep-alive
[13:50:33.63] Info:     Referer: https://www.urssaf.fr/portail/home.html
[13:50:33.63] Info:     Cookie: JSESSIONID=D5DA153377A9F700F53AD1AC9ECBAEA4.hwi31cotlifoappli2; atuserid=%7B%22name%22%3A%22atuserid%22%2C%22val%22%3A%229090db7c-8843-4f49-a463-4995b01d71ba%22%2C%22options%22%3A%7B%22end%22%3A%222024-01-07T12%3A50%3A16.125Z%22%2C%22path%22%3A%22%2F%22%7D%7D; atauthority=%7B%22name%22%3A%22atauthority%22%2C%22val%22%3A%7B%22authority_name%22%3A%22cnil%22%2C%22visitor_mode%22%3A%22exempt%22%7D%2C%22options%22%3A%7B%22end%22%3A%222024-01-07T12%3A50%3A16.126Z%22%2C%22path%22%3A%22%2F%22%7D%7D; TCPID=12212213501611891956470
[13:50:33.63] Info:     Sec-Fetch-Dest: image
[13:50:33.63] Info:     Sec-Fetch-Mode: no-cors
[13:50:33.63] Info:     Sec-Fetch-Site: same-origin
[13:50:33.63] Info:  << 302 Found : Moved Temporarily 0b
[13:50:33.63] Info:     Location: https://www.urssaf.fr/portail/files/live/sites/urssaf/files/Logos/logo-Urssaf.svg
[13:50:33.63] Info:     Connection: close
[13:50:33.63] Info:     Cache-Control: no-cache
[13:50:33.63] Info:     Pragma: no-cache
[13:50:33.64] Info: 127.0.0.1:58337: clientdisconnect
[13:50:33.72] Warn: ::ffff:127.0.0.1:58342: Certificate verification error for www.googletagmanager.com: unable to get local issuer certificate (errno: 20, depth: 2)
[13:50:33.72] Warn: ::ffff:127.0.0.1:58342: Ignoring server verification error, continuing with connection
[13:50:34.08] Info: 127.0.0.1:58342: GET https://www.googletagmanager.com/gtm.js?id=GTM-TDZ922M&gtm_auth=zOd6-L-VF2mCNk3T6Tl6Sw&gtm_preview=env-2&gtm_cookies_win=x HTTP/2.0
[13:50:34.08] Info:     user-agent: Mozilla/5.0 (Windows NT 10.0; Win64; x64; rv:102.0) Gecko/20100101 Firefox/102.0
[13:50:34.09] Info:     accept: */*
[13:50:34.09] Info:     accept-language: fr,fr-FR;q=0.8,en-US;q=0.5,en;q=0.3
[13:50:34.09] Info:     accept-encoding: gzip, deflate, br
[13:50:34.09] Info:     dnt: 1
[13:50:34.09] Info:     referer: https://www.urssaf.fr/
[13:50:34.09] Info:     sec-fetch-dest: script
[13:50:34.09] Info:     sec-fetch-mode: no-cors
[13:50:34.09] Info:     sec-fetch-site: cross-site
[13:50:34.09] Info:     te: trailers
[13:50:34.09] Info:  << HTTP/2.0 200 OK 128.8k
[13:50:34.09] Info:     date: Tue, 06 Dec 2022 12:50:33 GMT
[13:50:34.09] Info:     vary: *
[13:50:34.09] Info:     pragma: no-cache
[13:50:34.09] Info:     server: Google Tag Manager
[13:50:34.09] Info:     alt-svc: h3=":443"; ma=2592000,h3-29=":443"; ma=2592000,h3-Q050=":443"; ma=2592000,h3-Q046=":443"; ma=2592000,h3-Q043=":443"; ma=2592000,quic=":443"; ma=2592000; v="46,43"
[13:50:34.09] Info:     expires: Fri, 01 Jan 1990 00:00:00 GMT
[13:50:34.09] Info:     content-type: application/javascript; charset=UTF-8
[13:50:34.09] Info:     cache-control: no-cache, no-store, must-revalidate
[13:50:34.09] Info:     x-recouv-allowed: Recouv
[13:50:34.09] Info:     x-xss-protection: 0
[13:50:34.09] Info:     strict-transport-security: max-age=31536000; includeSubDomains
[13:50:34.09] Info:     access-control-allow-origin: *
[13:50:34.09] Info:     access-control-allow-headers: Cache-Control
[13:50:34.09] Info:     cross-origin-resource-policy: cross-origin
[13:50:34.09] Info:     access-control-allow-credentials: true
[13:50:34.47] Info: 127.0.0.1:58342: GET https://www.googletagmanager.com/gtm.js?id=GTM-5WMCC7G&gtm_auth=AzNZ1eVDfcLLmq-RtS199w&gtm_preview=env-2&gtm_cookies_win=x HTTP/2.0
[13:50:34.47] Info:     user-agent: Mozilla/5.0 (Windows NT 10.0; Win64; x64; rv:102.0) Gecko/20100101 Firefox/102.0
[13:50:34.47] Info:     accept: */*
[13:50:34.47] Info:     accept-language: fr,fr-FR;q=0.8,en-US;q=0.5,en;q=0.3
[13:50:34.47] Info:     accept-encoding: gzip, deflate, br
[13:50:34.47] Info:     dnt: 1
[13:50:34.47] Info:     referer: https://www.urssaf.fr/
[13:50:34.47] Info:     sec-fetch-dest: script
[13:50:34.47] Info:     sec-fetch-mode: no-cors
[13:50:34.47] Info:     sec-fetch-site: cross-site
[13:50:34.47] Info:     te: trailers
[13:50:34.47] Info:  << HTTP/2.0 200 OK 106.41k
[13:50:34.47] Info:     date: Tue, 06 Dec 2022 12:50:34 GMT
[13:50:34.47] Info:     vary: *
[13:50:34.47] Info:     pragma: no-cache
[13:50:34.47] Info:     server: Google Tag Manager
[13:50:34.47] Info:     alt-svc: h3=":443"; ma=2592000,h3-29=":443"; ma=2592000,h3-Q050=":443"; ma=2592000,h3-Q046=":443"; ma=2592000,h3-Q043=":443"; ma=2592000,quic=":443"; ma=2592000; v="46,43"
[13:50:34.47] Info:     expires: Fri, 01 Jan 1990 00:00:00 GMT
[13:50:34.47] Info:     content-type: application/javascript; charset=UTF-8
[13:50:34.47] Info:     cache-control: no-cache, no-store, must-revalidate
[13:50:34.47] Info:     x-recouv-allowed: Recouv
[13:50:34.47] Info:     x-xss-protection: 0
[13:50:34.47] Info:     strict-transport-security: max-age=31536000; includeSubDomains
[13:50:34.47] Info:     access-control-allow-origin: *
[13:50:34.47] Info:     access-control-allow-headers: Cache-Control
[13:50:34.47] Info:     cross-origin-resource-policy: cross-origin
[13:50:34.47] Info:     access-control-allow-credentials: true
[13:50:34.50] Info: 127.0.0.1:58342: GET https://www.googletagmanager.com/gtm.js?id=GTM-M7N4FZ5&gtm_auth=DZOH7XXSi0S5WmIItXgkuQ&gtm_preview=env-1&gtm_cookies_win=x HTTP/2.0
[13:50:34.50] Info:     user-agent: Mozilla/5.0 (Windows NT 10.0; Win64; x64; rv:102.0) Gecko/20100101 Firefox/102.0
[13:50:34.50] Info:     accept: */*
[13:50:34.50] Info:     accept-language: fr,fr-FR;q=0.8,en-US;q=0.5,en;q=0.3
[13:50:34.50] Info:     accept-encoding: gzip, deflate, br
[13:50:34.50] Info:     dnt: 1
[13:50:34.50] Info:     referer: https://www.urssaf.fr/
[13:50:34.50] Info:     sec-fetch-dest: script
[13:50:34.50] Info:     sec-fetch-mode: no-cors
[13:50:34.50] Info:     sec-fetch-site: cross-site
[13:50:34.50] Info:     te: trailers
[13:50:34.50] Info:  << HTTP/2.0 200 OK 109.55k
[13:50:34.50] Info:     date: Tue, 06 Dec 2022 12:50:34 GMT
[13:50:34.50] Info:     vary: *
[13:50:34.50] Info:     pragma: no-cache
[13:50:34.50] Info:     server: Google Tag Manager
[13:50:34.50] Info:     alt-svc: h3=":443"; ma=2592000,h3-29=":443"; ma=2592000,h3-Q050=":443"; ma=2592000,h3-Q046=":443"; ma=2592000,h3-Q043=":443"; ma=2592000,quic=":443"; ma=2592000; v="46,43"
[13:50:34.50] Info:     expires: Fri, 01 Jan 1990 00:00:00 GMT
[13:50:34.50] Info:     content-type: application/javascript; charset=UTF-8
[13:50:34.50] Info:     cache-control: no-cache, no-store, must-revalidate
[13:50:34.50] Info:     x-recouv-allowed: Recouv
[13:50:34.50] Info:     x-xss-protection: 0
[13:50:34.50] Info:     strict-transport-security: max-age=31536000; includeSubDomains
[13:50:34.50] Info:     access-control-allow-origin: *
[13:50:34.50] Info:     access-control-allow-headers: Cache-Control
[13:50:34.50] Info:     cross-origin-resource-policy: cross-origin
[13:50:34.50] Info:     access-control-allow-credentials: true
[13:50:34.52] Info: 127.0.0.1:58346: clientconnect
[13:50:34.54] Info: 127.0.0.1:58347: clientconnect
[13:50:34.60] Info: 127.0.0.1:58351: clientconnect
[13:50:34.63] Warn: ::ffff:127.0.0.1:58347: Certificate verification error for privacy.trustcommander.net: unable to get local issuer certificate (errno: 20, depth: 2)
[13:50:34.63] Warn: ::ffff:127.0.0.1:58347: Ignoring server verification error, continuing with connection
[13:50:34.67] Info: 127.0.0.1:58342: GET https://www.googletagmanager.com/gtm.js?id=GTM-MWV8XZ2&gtm_auth=GcyFob85_-NQKXUO0Sk6WQ&gtm_preview=env-1&gtm_cookies_win=x HTTP/2.0
[13:50:34.67] Info:     user-agent: Mozilla/5.0 (Windows NT 10.0; Win64; x64; rv:102.0) Gecko/20100101 Firefox/102.0
[13:50:34.67] Info:     accept: */*
[13:50:34.67] Info:     accept-language: fr,fr-FR;q=0.8,en-US;q=0.5,en;q=0.3
[13:50:34.67] Info:     accept-encoding: gzip, deflate, br
[13:50:34.67] Info:     dnt: 1
[13:50:34.67] Info:     referer: https://www.urssaf.fr/
[13:50:34.67] Info:     sec-fetch-dest: script
[13:50:34.67] Info:     sec-fetch-mode: no-cors
[13:50:34.67] Info:     sec-fetch-site: cross-site
[13:50:34.67] Info:     te: trailers
[13:50:34.67] Info:  << HTTP/2.0 200 OK 345.74k
[13:50:34.67] Info:     date: Tue, 06 Dec 2022 12:50:34 GMT
[13:50:34.67] Info:     vary: *
[13:50:34.67] Info:     pragma: no-cache
[13:50:34.67] Info:     server: Google Tag Manager
[13:50:34.67] Info:     alt-svc: h3=":443"; ma=2592000,h3-29=":443"; ma=2592000,h3-Q050=":443"; ma=2592000,h3-Q046=":443"; ma=2592000,h3-Q043=":443"; ma=2592000,quic=":443"; ma=2592000; v="46,43"
[13:50:34.67] Info:     expires: Fri, 01 Jan 1990 00:00:00 GMT
[13:50:34.67] Info:     content-type: application/javascript; charset=UTF-8
[13:50:34.67] Info:     cache-control: no-cache, no-store, must-revalidate
[13:50:34.67] Info:     x-recouv-allowed: Recouv
[13:50:34.67] Info:     x-xss-protection: 0
[13:50:34.67] Info:     strict-transport-security: max-age=31536000; includeSubDomains
[13:50:34.67] Info:     access-control-allow-origin: *
[13:50:34.67] Info:     access-control-allow-headers: Cache-Control
[13:50:34.67] Info:     cross-origin-resource-policy: cross-origin
[13:50:34.67] Info:     access-control-allow-credentials: true
[13:50:34.69] Info: 127.0.0.1:58342: GET https://www.googletagmanager.com/gtm.js?id=GTM-KCC69DM&gtm_auth=_-cjQ2zqqh5MIL2JjLkCTQ&gtm_preview=env-1&gtm_cookies_win=x HTTP/2.0
[13:50:34.69] Info:     user-agent: Mozilla/5.0 (Windows NT 10.0; Win64; x64; rv:102.0) Gecko/20100101 Firefox/102.0
[13:50:34.69] Info:     accept: */*
[13:50:34.69] Info:     accept-language: fr,fr-FR;q=0.8,en-US;q=0.5,en;q=0.3
[13:50:34.69] Info:     accept-encoding: gzip, deflate, br
[13:50:34.69] Info:     dnt: 1
[13:50:34.69] Info:     referer: https://www.urssaf.fr/
[13:50:34.69] Info:     sec-fetch-dest: script
[13:50:34.69] Info:     sec-fetch-mode: no-cors
[13:50:34.69] Info:     sec-fetch-site: cross-site
[13:50:34.69] Info:     te: trailers
[13:50:34.69] Info:  << HTTP/2.0 200 OK 103.11k
[13:50:34.69] Info:     date: Tue, 06 Dec 2022 12:50:34 GMT
[13:50:34.69] Info:     vary: *
[13:50:34.69] Info:     pragma: no-cache
[13:50:34.69] Info:     server: Google Tag Manager
[13:50:34.69] Info:     alt-svc: h3=":443"; ma=2592000,h3-29=":443"; ma=2592000,h3-Q050=":443"; ma=2592000,h3-Q046=":443"; ma=2592000,h3-Q043=":443"; ma=2592000,quic=":443"; ma=2592000; v="46,43"
[13:50:34.69] Info:     expires: Fri, 01 Jan 1990 00:00:00 GMT
[13:50:34.69] Info:     content-type: application/javascript; charset=UTF-8
[13:50:34.69] Info:     cache-control: no-cache, no-store, must-revalidate
[13:50:34.69] Info:     x-recouv-allowed: Recouv
[13:50:34.69] Info:     x-xss-protection: 0
[13:50:34.69] Info:     strict-transport-security: max-age=31536000; includeSubDomains
[13:50:34.69] Info:     access-control-allow-origin: *
[13:50:34.69] Info:     access-control-allow-headers: Cache-Control
[13:50:34.69] Info:     cross-origin-resource-policy: cross-origin
[13:50:34.69] Info:     access-control-allow-credentials: true
[13:50:34.75] Info: 127.0.0.1:58347: POST https://privacy.trustcommander.net/privacy-consent/
[13:50:34.75] Info:     Host: privacy.trustcommander.net
[13:50:34.75] Info:     User-Agent: Mozilla/5.0 (Windows NT 10.0; Win64; x64; rv:102.0) Gecko/20100101 Firefox/102.0
[13:50:34.75] Info:     Accept: */*
[13:50:34.75] Info:     Accept-Language: fr,fr-FR;q=0.8,en-US;q=0.5,en;q=0.3
[13:50:34.75] Info:     Accept-Encoding: gzip, deflate, br
[13:50:34.75] Info:     Content-Type: text/plain;charset=UTF-8
[13:50:34.75] Info:     Content-Length: 151
[13:50:34.75] Info:     Origin: https://www.urssaf.fr
[13:50:34.75] Info:     DNT: 1
[13:50:34.75] Info:     Connection: keep-alive
[13:50:34.75] Info:     Referer: https://www.urssaf.fr/
[13:50:34.75] Info:     Sec-Fetch-Dest: empty
[13:50:34.75] Info:     Sec-Fetch-Mode: no-cors
[13:50:34.75] Info:     Sec-Fetch-Site: cross-site
[13:50:34.75] Info:  << 200 OK 43b
[13:50:34.75] Info:     P3P: policyref="/w3c/p3p.xml", CP="NOI DSP COR NID ADM DEV PSA OUR IND UNI PUR COM NAV INT STA"
[13:50:34.75] Info:     Date: Tue, 06 Dec 2022 12:50:34 GMT
[13:50:34.75] Info:     Vary: Origin
[13:50:34.75] Info:     Pragma: private
[13:50:34.75] Info:     Expires: Mon, 06 Mar 2023 12:50:34 GMT
[13:50:34.75] Info:     Connection: keep-alive
[13:50:34.75] Info:     Content-Type: image/gif
[13:50:34.75] Info:     Cache-Control: private, max-age=486000, pre-check=486000
[13:50:34.75] Info:     Content-Length: 43
[13:50:34.75] Info:     X-Recouv-Allowed: Recouv
[13:50:34.75] Info:     Access-Control-Allow-Origin: https://www.urssaf.fr
[13:50:34.75] Info:     Access-Control-Allow-Headers: Content-Type
[13:50:34.75] Info:     Access-Control-Allow-Credentials: true
[13:50:34.79] Info: 127.0.0.1:58354: clientconnect
[13:50:34.80] Info: 127.0.0.1:58356: clientconnect
[13:50:35.20] Info: 127.0.0.1:58354: GET https://tm.urssaf.fr/tm.ur?s=614848&idclient=9090db7c-8843-4f49-a463-4995b01d71ba&vc=false&vm=exempt&ts=1670331034789&vtag=5.29.4&ptag=js&env_language=fr&user_connexion=&user_profil=non-connecte&events=%5B%7B%22name%22%3A%22page.display%22%2C%22data%22%3A%7B%22user%22%3A%7B%22profil%22%3A%7B%22compte%22%3A%22non-connecte%22%7D%7D%2C%22site%22%3A%7B%22level2%22%3A%22Informatif%22%7D%2C%22page%22%3A%7B%22%24%22%3A%22home%22%2C%22chapter1%22%3A%22%22%2C%22chapter2%22%3A%22%22%2C%22chapter3%22%3A%22%22%7D%7D%7D%5D&ref= HTTP/2.0
[13:50:35.20] Info:     user-agent: Mozilla/5.0 (Windows NT 10.0; Win64; x64; rv:102.0) Gecko/20100101 Firefox/102.0
[13:50:35.20] Info:     accept: image/avif,image/webp,*/*
[13:50:35.20] Info:     accept-language: fr,fr-FR;q=0.8,en-US;q=0.5,en;q=0.3
[13:50:35.20] Info:     accept-encoding: gzip, deflate, br
[13:50:35.20] Info:     dnt: 1
[13:50:35.20] Info:     referer: https://www.urssaf.fr/
[13:50:35.20] Info:     sec-fetch-dest: image
[13:50:35.20] Info:     sec-fetch-mode: no-cors
[13:50:35.20] Info:     sec-fetch-site: same-site
[13:50:35.20] Info:     te: trailers
[13:50:35.20] Info:     cookie: atuserid=%7B%22name%22%3A%22atuserid%22%2C%22val%22%3A%229090db7c-8843-4f49-a463-4995b01d71ba%22%2C%22options%22%3A%7B%22end%22%3A%222024-01-07T12%3A50%3A16.125Z%22%2C%22path%22%3A%22%2F%22%7D%7D; atauthority=%7B%22name%22%3A%22atauthority%22%2C%22val%22%3A%7B%22authority_name%22%3A%22cnil%22%2C%22visitor_mode%22%3A%22exempt%22%7D%2C%22options%22%3A%7B%22end%22%3A%222024-01-07T12%3A50%3A34.786Z%22%2C%22path%22%3A%22%2F%22%7D%7D; TCPID=12212213501611891956470
[13:50:35.20] Info:  << HTTP/2.0 200 OK 35b
[13:50:35.20] Info:     content-type: image/gif
[13:50:35.20] Info:     content-length: 35
[13:50:35.20] Info:     date: Tue, 06 Dec 2022 12:50:35 GMT
[13:50:35.20] Info:     cache-control: no-store
[13:50:35.20] Info:     strict-transport-security: max-age=15768000
[13:50:35.20] Info:     x-cache: Miss from cloudfront
[13:50:35.20] Info:     via: 1.1 4d372e1de2b57074dc6d6ebb80786540.cloudfront.net (CloudFront)
[13:50:35.20] Info:     x-amz-cf-pop: CDG52-P4
[13:50:35.20] Info:     x-amz-cf-id: fN2FEvcFai-YaS19esiTyUIFN21NFlgQw4nk-wuLtyqTfmChwOTvjg==
[13:50:35.22] Info: 127.0.0.1:58356: GET https://cdn-virtual-agent-enriched.smartly.ai/webchat.min.js HTTP/2.0
[13:50:35.22] Info:     user-agent: Mozilla/5.0 (Windows NT 10.0; Win64; x64; rv:102.0) Gecko/20100101 Firefox/102.0
[13:50:35.22] Info:     accept: */*
[13:50:35.22] Info:     accept-language: fr,fr-FR;q=0.8,en-US;q=0.5,en;q=0.3
[13:50:35.22] Info:     accept-encoding: gzip, deflate, br
[13:50:35.22] Info:     dnt: 1
[13:50:35.22] Info:     referer: https://www.urssaf.fr/
[13:50:35.22] Info:     sec-fetch-dest: script
[13:50:35.22] Info:     sec-fetch-mode: no-cors
[13:50:35.22] Info:     sec-fetch-site: cross-site
[13:50:35.22] Info:     te: trailers
[13:50:35.22] Info:  << HTTP/2.0 200 OK 4.48k
[13:50:35.22] Info:     date: Tue, 06 Dec 2022 12:50:35 GMT
[13:50:35.22] Info:     content-type: application/javascript
[13:50:35.22] Info:     last-modified: Mon, 17 Oct 2022 18:10:43 GMT
[13:50:35.22] Info:     etag: W/"634d9aa3-347b"
[13:50:35.22] Info:     cache-control: no-cache
[13:50:35.22] Info:     access-control-allow-origin: *
[13:50:35.22] Info:     cf-cache-status: HIT
[13:50:35.22] Info:     vary: Accept-Encoding
[13:50:35.22] Info:     server: cloudflare
[13:50:35.22] Info:     cf-ray: 775525e90c93d2c5-CDG
[13:50:35.22] Info:     content-encoding: gzip
[13:50:35.32] Info: 127.0.0.1:58362: clientconnect
[13:50:35.48] Info: 127.0.0.1:58356: GET https://cdn-virtual-agent-enriched.smartly.ai/assets/img/whitecloseicon.png HTTP/2.0
[13:50:35.48] Info:     user-agent: Mozilla/5.0 (Windows NT 10.0; Win64; x64; rv:102.0) Gecko/20100101 Firefox/102.0
[13:50:35.49] Info:     accept: image/avif,image/webp,*/*
[13:50:35.49] Info:     accept-language: fr,fr-FR;q=0.8,en-US;q=0.5,en;q=0.3
[13:50:35.49] Info:     accept-encoding: gzip, deflate, br
[13:50:35.49] Info:     dnt: 1
[13:50:35.49] Info:     referer: https://www.urssaf.fr/
[13:50:35.49] Info:     sec-fetch-dest: image
[13:50:35.49] Info:     sec-fetch-mode: no-cors
[13:50:35.49] Info:     sec-fetch-site: cross-site
[13:50:35.49] Info:     te: trailers
[13:50:35.49] Info:  << HTTP/2.0 200 OK 816b
[13:50:35.49] Info:     date: Tue, 06 Dec 2022 12:50:35 GMT
[13:50:35.49] Info:     content-type: image/png
[13:50:35.49] Info:     content-length: 816
[13:50:35.49] Info:     last-modified: Mon, 17 Oct 2022 18:10:43 GMT
[13:50:35.49] Info:     etag: "634d9aa3-330"
[13:50:35.49] Info:     cache-control: no-cache
[13:50:35.49] Info:     access-control-allow-origin: *
[13:50:35.49] Info:     cf-cache-status: HIT
[13:50:35.49] Info:     accept-ranges: bytes
[13:50:35.49] Info:     vary: Accept-Encoding
[13:50:35.49] Info:     server: cloudflare
[13:50:35.49] Info:     cf-ray: 775525eb9ffed2c5-CDG
[13:50:35.59] Info: 127.0.0.1:58356: GET https://cdn-virtual-agent-enriched.smartly.ai/smartchat.min.js HTTP/2.0
[13:50:35.59] Info:     user-agent: Mozilla/5.0 (Windows NT 10.0; Win64; x64; rv:102.0) Gecko/20100101 Firefox/102.0
[13:50:35.60] Info:     accept: */*
[13:50:35.60] Info:     accept-language: fr,fr-FR;q=0.8,en-US;q=0.5,en;q=0.3
[13:50:35.60] Info:     accept-encoding: gzip, deflate, br
[13:50:35.60] Info:     dnt: 1
[13:50:35.60] Info:     sec-fetch-dest: script
[13:50:35.60] Info:     sec-fetch-mode: no-cors
[13:50:35.60] Info:     sec-fetch-site: cross-site
[13:50:35.60] Info:     te: trailers
[13:50:35.60] Info:  << HTTP/2.0 200 OK 11.69k
[13:50:35.60] Info:     date: Tue, 06 Dec 2022 12:50:35 GMT
[13:50:35.60] Info:     content-type: application/javascript
[13:50:35.60] Info:     last-modified: Mon, 17 Oct 2022 18:10:43 GMT
[13:50:35.60] Info:     etag: W/"634d9aa3-d8f9"
[13:50:35.60] Info:     cache-control: no-cache
[13:50:35.60] Info:     access-control-allow-origin: *
[13:50:35.60] Info:     cf-cache-status: HIT
[13:50:35.60] Info:     vary: Accept-Encoding
[13:50:35.60] Info:     server: cloudflare
[13:50:35.60] Info:     cf-ray: 775525ec38dcd2c5-CDG
[13:50:35.60] Info:     content-encoding: gzip
[13:50:35.68] Info: 127.0.0.1:58362: POST https://webchat-virtual-agent-enriched.smartly.ai/getChatIntegration HTTP/2.0
[13:50:35.68] Info:     user-agent: Mozilla/5.0 (Windows NT 10.0; Win64; x64; rv:102.0) Gecko/20100101 Firefox/102.0
[13:50:35.68] Info:     accept: application/json, text/javascript, */*; q=0.01
[13:50:35.68] Info:     accept-language: fr,fr-FR;q=0.8,en-US;q=0.5,en;q=0.3
[13:50:35.68] Info:     accept-encoding: gzip, deflate, br
[13:50:35.68] Info:     content-type: application/x-www-form-urlencoded; charset=UTF-8
[13:50:35.68] Info:     content-length: 44
[13:50:35.68] Info:     origin: https://www.urssaf.fr
[13:50:35.68] Info:     dnt: 1
[13:50:35.68] Info:     referer: https://www.urssaf.fr/
[13:50:35.68] Info:     sec-fetch-dest: empty
[13:50:35.68] Info:     sec-fetch-mode: cors
[13:50:35.68] Info:     sec-fetch-site: cross-site
[13:50:35.68] Info:     te: trailers
[13:50:35.68] Info:  << HTTP/2.0 200 OK 2.53k
[13:50:35.68] Info:     date: Tue, 06 Dec 2022 12:50:35 GMT
[13:50:35.68] Info:     content-type: application/json; charset=utf-8
[13:50:35.68] Info:     x-powered-by: Express
[13:50:35.68] Info:     access-control-allow-origin: *
[13:50:35.68] Info:     etag: W/"2394-0PCqcXD0XC/mjT/rsrc9QH00exs"
[13:50:35.68] Info:     x-frame-options: SAMEORIGIN
[13:50:35.68] Info:     referrer-policy: no-referrer-when-downgrade
[13:50:35.68] Info:     feature-policy: geolocation none
[13:50:35.68] Info:     set-cookie: 51e02d19c8494fa28515a35a335338c9=WyIyOTM4ODY2MjQ4Il0; Expires=Wed, 07-Dec-22 12:50:35 GMT; Domain=webchat-virtual-agent-enriched.smartly.ai; Path=/; Secure; HttpOnly
[13:50:35.68] Info:     cf-cache-status: DYNAMIC
[13:50:35.68] Info:     server: cloudflare
[13:50:35.68] Info:     cf-ray: 775525ebd9db99d4-CDG
[13:50:35.68] Info:     content-encoding: gzip
[13:50:35.91] Info: 127.0.0.1:58356: GET https://cdn-virtual-agent-enriched.smartly.ai/assets/js/socket.io.2.0.4.js HTTP/2.0
[13:50:35.91] Info:     user-agent: Mozilla/5.0 (Windows NT 10.0; Win64; x64; rv:102.0) Gecko/20100101 Firefox/102.0
[13:50:35.91] Info:     accept: */*
[13:50:35.91] Info:     accept-language: fr,fr-FR;q=0.8,en-US;q=0.5,en;q=0.3
[13:50:35.91] Info:     accept-encoding: gzip, deflate, br
[13:50:35.91] Info:     dnt: 1
[13:50:35.91] Info:     sec-fetch-dest: script
[13:50:35.91] Info:     sec-fetch-mode: no-cors
[13:50:35.91] Info:     sec-fetch-site: cross-site
[13:50:35.91] Info:     te: trailers
[13:50:35.91] Info:  << HTTP/2.0 200 OK 18.1k
[13:50:35.91] Info:     date: Tue, 06 Dec 2022 12:50:35 GMT
[13:50:35.91] Info:     content-type: application/javascript
[13:50:35.91] Info:     last-modified: Mon, 17 Oct 2022 18:10:43 GMT
[13:50:35.91] Info:     etag: W/"634d9aa3-ed3a"
[13:50:35.91] Info:     cache-control: no-cache
[13:50:35.91] Info:     access-control-allow-origin: *
[13:50:35.91] Info:     cf-cache-status: HIT
[13:50:35.91] Info:     vary: Accept-Encoding
[13:50:35.91] Info:     server: cloudflare
[13:50:35.91] Info:     cf-ray: 775525ed5a6bd2c5-CDG
[13:50:35.91] Info:     content-encoding: gzip
[13:50:36.03] Info: 127.0.0.1:58366: clientconnect
[13:50:36.09] Info: 127.0.0.1:58366: GET http://www.urssaf.fr/
[13:50:36.10] Info:     Host: www.urssaf.fr
[13:50:36.10] Info:     User-Agent: Mozilla/5.0 (Windows NT 10.0; Win64; x64; rv:102.0) Gecko/20100101 Firefox/102.0
[13:50:36.10] Info:     Accept: */*
[13:50:36.10] Info:     Accept-Language: fr,fr-FR;q=0.8,en-US;q=0.5,en;q=0.3
[13:50:36.10] Info:     Accept-Encoding: gzip, deflate
[13:50:36.10] Info:     Connection: keep-alive
[13:50:36.10] Info:     Pragma: no-cache
[13:50:36.10] Info:     Cache-Control: no-cache
[13:50:36.10] Info:  << 302 Found : Moved Temporarily 0b
[13:50:36.10] Info:     Location: https://www.urssaf.fr/
[13:50:36.10] Info:     Connection: close
[13:50:36.10] Info:     Cache-Control: no-cache
[13:50:36.10] Info:     Pragma: no-cache
[13:50:36.10] Info: 127.0.0.1:58366: clientdisconnect
[13:50:36.10] Info: 127.0.0.1:58368: clientconnect
[13:50:36.26] Info: 127.0.0.1:58356: GET https://cdn-virtual-agent-enriched.smartly.ai/assets/js/jquery.min.2.2.4.js HTTP/2.0
[13:50:36.26] Info:     user-agent: Mozilla/5.0 (Windows NT 10.0; Win64; x64; rv:102.0) Gecko/20100101 Firefox/102.0
[13:50:36.26] Info:     accept: */*
[13:50:36.26] Info:     accept-language: fr,fr-FR;q=0.8,en-US;q=0.5,en;q=0.3
[13:50:36.26] Info:     accept-encoding: gzip, deflate, br
[13:50:36.26] Info:     dnt: 1
[13:50:36.26] Info:     sec-fetch-dest: script
[13:50:36.26] Info:     sec-fetch-mode: no-cors
[13:50:36.26] Info:     sec-fetch-site: cross-site
[13:50:36.26] Info:     te: trailers
[13:50:36.26] Info:  << HTTP/2.0 200 OK 29.17k
[13:50:36.26] Info:     date: Tue, 06 Dec 2022 12:50:36 GMT
[13:50:36.26] Info:     content-type: application/javascript
[13:50:36.26] Info:     last-modified: Mon, 17 Oct 2022 18:10:43 GMT
[13:50:36.26] Info:     etag: W/"634d9aa3-14e4a"
[13:50:36.26] Info:     cache-control: no-cache
[13:50:36.26] Info:     access-control-allow-origin: *
[13:50:36.26] Info:     cf-cache-status: HIT
[13:50:36.26] Info:     vary: Accept-Encoding
[13:50:36.26] Info:     server: cloudflare
[13:50:36.26] Info:     cf-ray: 775525ef6e9ad2c5-CDG
[13:50:36.26] Info:     content-encoding: gzip
[13:50:36.28] Info: 127.0.0.1:58368: GET https://www.urssaf.fr/
[13:50:36.28] Info:     Host: www.urssaf.fr
[13:50:36.28] Info:     User-Agent: Mozilla/5.0 (Windows NT 10.0; Win64; x64; rv:102.0) Gecko/20100101 Firefox/102.0
[13:50:36.28] Info:     Accept: */*
[13:50:36.28] Info:     Accept-Language: fr,fr-FR;q=0.8,en-US;q=0.5,en;q=0.3
[13:50:36.28] Info:     Accept-Encoding: gzip, deflate, br
[13:50:36.28] Info:     Connection: keep-alive
[13:50:36.28] Info:     Sec-Fetch-Dest: empty
[13:50:36.28] Info:     Sec-Fetch-Mode: no-cors
[13:50:36.28] Info:     Sec-Fetch-Site: cross-site
[13:50:36.28] Info:     Pragma: no-cache
[13:50:36.28] Info:     Cache-Control: no-cache
[13:50:36.28] Info:  << 302 Found 213b
[13:50:36.28] Info:     Date: Tue, 06 Dec 2022 12:50:36 GMT
[13:50:36.28] Info:     Server: Apache
[13:50:36.28] Info:     Location: https://www.urssaf.fr/portail/
[13:50:36.28] Info:     Content-Length: 213
[13:50:36.28] Info:     Keep-Alive: timeout=60
[13:50:36.28] Info:     Connection: Keep-Alive
[13:50:36.28] Info:     Content-Type: text/html; charset=iso-8859-1
[13:50:36.28] Info:     Access-Control-Allow-Origin: https://assistance2.urssaf.fr
[13:50:36.28] Info:     Strict-Transport-Security: max-age=31536000; includeSubDomains; preload
[13:50:36.33] Info: 127.0.0.1:58368: GET https://www.urssaf.fr/portail/
[13:50:36.33] Info:     Host: www.urssaf.fr
[13:50:36.33] Info:     User-Agent: Mozilla/5.0 (Windows NT 10.0; Win64; x64; rv:102.0) Gecko/20100101 Firefox/102.0
[13:50:36.33] Info:     Accept: */*
[13:50:36.33] Info:     Accept-Language: fr,fr-FR;q=0.8,en-US;q=0.5,en;q=0.3
[13:50:36.33] Info:     Accept-Encoding: gzip, deflate, br
[13:50:36.33] Info:     Connection: keep-alive
[13:50:36.33] Info:     Sec-Fetch-Dest: empty
[13:50:36.33] Info:     Sec-Fetch-Mode: no-cors
[13:50:36.33] Info:     Sec-Fetch-Site: cross-site
[13:50:36.33] Info:     Pragma: no-cache
[13:50:36.33] Info:     Cache-Control: no-cache
[13:50:36.33] Info:  << 302 Déplacé Temporairement 20b
[13:50:36.33] Info:     Date: Tue, 06 Dec 2022 12:50:36 GMT
[13:50:36.33] Info:     Expires: Wed, 09 May 1979 05:30:00 GMT
[13:50:36.33] Info:     Cache-Control: no-cache, no-store, must-revalidate, proxy-revalidate, max-age=0
[13:50:36.33] Info:     Set-Cookie: JSESSIONID=40D4B1273C47DBB5C6EADBE5BFE9BF73.hwi31cotlifoappli1; Path=/; HttpOnly
[13:50:36.33] Info:     Pragma: no-cache
[13:50:36.33] Info:     Location: /portail/home.html
[13:50:36.33] Info:     Vary: Accept-Encoding,User-Agent
[13:50:36.33] Info:     Content-Encoding: gzip
[13:50:36.33] Info:     Content-Length: 20
[13:50:36.33] Info:     Keep-Alive: timeout=60
[13:50:36.33] Info:     Connection: Keep-Alive
[13:50:36.33] Info:     Content-Type: text/plain; charset=UTF-8
[13:50:36.33] Info:     Access-Control-Allow-Origin: https://assistance2.urssaf.fr
[13:50:36.33] Info:     Strict-Transport-Security: max-age=31536000; includeSubDomains; preload
[13:50:36.45] Info: 127.0.0.1:58368: GET https://www.urssaf.fr/portail/home.html
[13:50:36.46] Info:     Host: www.urssaf.fr
[13:50:36.46] Info:     User-Agent: Mozilla/5.0 (Windows NT 10.0; Win64; x64; rv:102.0) Gecko/20100101 Firefox/102.0
[13:50:36.46] Info:     Accept: */*
[13:50:36.46] Info:     Accept-Language: fr,fr-FR;q=0.8,en-US;q=0.5,en;q=0.3
[13:50:36.46] Info:     Accept-Encoding: gzip, deflate, br
[13:50:36.46] Info:     Connection: keep-alive
[13:50:36.46] Info:     Sec-Fetch-Dest: empty
[13:50:36.46] Info:     Sec-Fetch-Mode: no-cors
[13:50:36.46] Info:     Sec-Fetch-Site: cross-site
[13:50:36.46] Info:     Pragma: no-cache
[13:50:36.46] Info:     Cache-Control: no-cache
[13:50:36.46] Info:  << 200 OK 12.84k
[13:50:36.46] Info:     Date: Tue, 06 Dec 2022 12:50:36 GMT
[13:50:36.46] Info:     Expires: Wed, 09 May 1979 05:30:00 GMT
[13:50:36.46] Info:     Cache-Control: no-cache, no-store, must-revalidate, proxy-revalidate, max-age=0
[13:50:36.46] Info:     Pragma: no-cache
[13:50:36.46] Info:     Set-Cookie: JSESSIONID=B483AAE850733508F7755E3FF200433D.hwi31cotlifoappli2; Path=/; HttpOnly
[13:50:36.46] Info:     Content-Type: text/html;charset=UTF-8
[13:50:36.46] Info:     Vary: Accept-Encoding,User-Agent
[13:50:36.46] Info:     Content-Encoding: gzip
[13:50:36.46] Info:     Content-Length: 13144
[13:50:36.46] Info:     Keep-Alive: timeout=60
[13:50:36.46] Info:     Connection: Keep-Alive
[13:50:36.46] Info:     Access-Control-Allow-Origin: https://assistance2.urssaf.fr
[13:50:36.46] Info:     Strict-Transport-Security: max-age=31536000; includeSubDomains; preload
[13:50:36.58] Info: 127.0.0.1:58356: GET https://cdn-virtual-agent-enriched.smartly.ai/assets/js/jquery.mCustomScrollbar.concat.min.3.1.3.js HTTP/2.0
[13:50:36.58] Info:     user-agent: Mozilla/5.0 (Windows NT 10.0; Win64; x64; rv:102.0) Gecko/20100101 Firefox/102.0
[13:50:36.59] Info:     accept: */*
[13:50:36.59] Info:     accept-language: fr,fr-FR;q=0.8,en-US;q=0.5,en;q=0.3
[13:50:36.59] Info:     accept-encoding: gzip, deflate, br
[13:50:36.59] Info:     dnt: 1
[13:50:36.59] Info:     sec-fetch-dest: script
[13:50:36.59] Info:     sec-fetch-mode: no-cors
[13:50:36.59] Info:     sec-fetch-site: cross-site
[13:50:36.59] Info:     te: trailers
[13:50:36.59] Info:  << HTTP/2.0 200 OK 12.4k
[13:50:36.59] Info:     date: Tue, 06 Dec 2022 12:50:36 GMT
[13:50:36.59] Info:     content-type: application/javascript
[13:50:36.59] Info:     last-modified: Mon, 17 Oct 2022 18:10:43 GMT
[13:50:36.59] Info:     etag: W/"634d9aa3-aeab"
[13:50:36.59] Info:     cache-control: no-cache
[13:50:36.59] Info:     access-control-allow-origin: *
[13:50:36.59] Info:     cf-cache-status: HIT
[13:50:36.59] Info:     vary: Accept-Encoding
[13:50:36.59] Info:     server: cloudflare
[13:50:36.59] Info:     cf-ray: 775525f1996fd2c5-CDG
[13:50:36.59] Info:     content-encoding: gzip
[13:50:36.78] Info: 127.0.0.1:58362: POST https://webchat-virtual-agent-enriched.smartly.ai/getChatIntegration HTTP/2.0
[13:50:36.79] Info:     user-agent: Mozilla/5.0 (Windows NT 10.0; Win64; x64; rv:102.0) Gecko/20100101 Firefox/102.0
[13:50:36.79] Info:     accept: application/json, text/javascript, */*; q=0.01
[13:50:36.79] Info:     accept-language: fr,fr-FR;q=0.8,en-US;q=0.5,en;q=0.3
[13:50:36.79] Info:     accept-encoding: gzip, deflate, br
[13:50:36.79] Info:     content-type: application/x-www-form-urlencoded; charset=UTF-8
[13:50:36.79] Info:     content-length: 44
[13:50:36.79] Info:     origin: https://www.urssaf.fr
[13:50:36.79] Info:     dnt: 1
[13:50:36.79] Info:     referer: https://www.urssaf.fr/
[13:50:36.79] Info:     sec-fetch-dest: empty
[13:50:36.79] Info:     sec-fetch-mode: cors
[13:50:36.79] Info:     sec-fetch-site: cross-site
[13:50:36.79] Info:     te: trailers
[13:50:36.79] Info:  << HTTP/2.0 200 OK 2.53k
[13:50:36.79] Info:     date: Tue, 06 Dec 2022 12:50:36 GMT
[13:50:36.79] Info:     content-type: application/json; charset=utf-8
[13:50:36.79] Info:     x-powered-by: Express
[13:50:36.79] Info:     access-control-allow-origin: *
[13:50:36.79] Info:     etag: W/"2394-0PCqcXD0XC/mjT/rsrc9QH00exs"
[13:50:36.79] Info:     x-frame-options: SAMEORIGIN
[13:50:36.79] Info:     referrer-policy: no-referrer-when-downgrade
[13:50:36.79] Info:     feature-policy: geolocation none
[13:50:36.79] Info:     set-cookie: 51e02d19c8494fa28515a35a335338c9=WyIyOTM4ODY2MjQ4Il0; Expires=Wed, 07-Dec-22 12:50:36 GMT; Domain=webchat-virtual-agent-enriched.smartly.ai; Path=/; Secure; HttpOnly
[13:50:36.79] Info:     cf-cache-status: DYNAMIC
[13:50:36.79] Info:     server: cloudflare
[13:50:36.79] Info:     cf-ray: 775525f2ec5c99d4-CDG
[13:50:36.79] Info:     content-encoding: gzip
[13:50:37.11] Info: 127.0.0.1:58356: GET https://cdn-virtual-agent-enriched.smartly.ai/css/style.min.css HTTP/2.0
[13:50:37.11] Info:     user-agent: Mozilla/5.0 (Windows NT 10.0; Win64; x64; rv:102.0) Gecko/20100101 Firefox/102.0
[13:50:37.12] Info:     accept: text/css,*/*;q=0.1
[13:50:37.12] Info:     accept-language: fr,fr-FR;q=0.8,en-US;q=0.5,en;q=0.3
[13:50:37.12] Info:     accept-encoding: gzip, deflate, br
[13:50:37.12] Info:     dnt: 1
[13:50:37.12] Info:     sec-fetch-dest: style
[13:50:37.12] Info:     sec-fetch-mode: no-cors
[13:50:37.12] Info:     sec-fetch-site: cross-site
[13:50:37.12] Info:     te: trailers
[13:50:37.12] Info:  << HTTP/2.0 200 OK 50.03k
[13:50:37.12] Info:     date: Tue, 06 Dec 2022 12:50:36 GMT
[13:50:37.12] Info:     content-type: text/css
[13:50:37.12] Info:     last-modified: Mon, 17 Oct 2022 18:10:43 GMT
[13:50:37.12] Info:     etag: W/"634d9aa3-69d10"
[13:50:37.12] Info:     cache-control: no-cache
[13:50:37.12] Info:     access-control-allow-origin: *
[13:50:37.12] Info:     cf-cache-status: HIT
[13:50:37.12] Info:     vary: Accept-Encoding
[13:50:37.12] Info:     server: cloudflare
[13:50:37.12] Info:     cf-ray: 775525f4cd43d2c5-CDG
[13:50:37.12] Info:     content-encoding: gzip
[13:50:37.42] Info: 127.0.0.1:58356: GET https://cdn-virtual-agent-enriched.smartly.ai/assets/css/jquery.mCustomScrollbar.min.3.1.3.css HTTP/2.0
[13:50:37.42] Info:     user-agent: Mozilla/5.0 (Windows NT 10.0; Win64; x64; rv:102.0) Gecko/20100101 Firefox/102.0
[13:50:37.42] Info:     accept: text/css,*/*;q=0.1
[13:50:37.42] Info:     accept-language: fr,fr-FR;q=0.8,en-US;q=0.5,en;q=0.3
[13:50:37.42] Info:     accept-encoding: gzip, deflate, br
[13:50:37.42] Info:     dnt: 1
[13:50:37.42] Info:     referer: https://cdn-virtual-agent-enriched.smartly.ai/css/style.min.css
[13:50:37.42] Info:     sec-fetch-dest: style
[13:50:37.42] Info:     sec-fetch-mode: no-cors
[13:50:37.42] Info:     sec-fetch-site: same-origin
[13:50:37.42] Info:     te: trailers
[13:50:37.42] Info:  << HTTP/2.0 200 OK 3.83k
[13:50:37.42] Info:     date: Tue, 06 Dec 2022 12:50:37 GMT
[13:50:37.42] Info:     content-type: text/css
[13:50:37.42] Info:     last-modified: Mon, 17 Oct 2022 18:10:43 GMT
[13:50:37.42] Info:     etag: W/"634d9aa3-a757"
[13:50:37.42] Info:     cache-control: no-cache
[13:50:37.42] Info:     access-control-allow-origin: *
[13:50:37.42] Info:     cf-cache-status: HIT
[13:50:37.42] Info:     vary: Accept-Encoding
[13:50:37.42] Info:     server: cloudflare
[13:50:37.42] Info:     cf-ray: 775525f6e818d2c5-CDG
[13:50:37.42] Info:     content-encoding: gzip
[13:50:37.44] Info: 127.0.0.1:58356: GET https://cdn-virtual-agent-enriched.smartly.ai/assets/css/Material+Icons+Sharp.css HTTP/2.0
[13:50:37.44] Info:     user-agent: Mozilla/5.0 (Windows NT 10.0; Win64; x64; rv:102.0) Gecko/20100101 Firefox/102.0
[13:50:37.44] Info:     accept: text/css,*/*;q=0.1
[13:50:37.44] Info:     accept-language: fr,fr-FR;q=0.8,en-US;q=0.5,en;q=0.3
[13:50:37.44] Info:     accept-encoding: gzip, deflate, br
[13:50:37.44] Info:     dnt: 1
[13:50:37.44] Info:     referer: https://cdn-virtual-agent-enriched.smartly.ai/css/style.min.css
[13:50:37.44] Info:     sec-fetch-dest: style
[13:50:37.44] Info:     sec-fetch-mode: no-cors
[13:50:37.44] Info:     sec-fetch-site: same-origin
[13:50:37.44] Info:     te: trailers
[13:50:37.44] Info:  << HTTP/2.0 200 OK 628b
[13:50:37.44] Info:     date: Tue, 06 Dec 2022 12:50:37 GMT
[13:50:37.44] Info:     content-type: text/css
[13:50:37.44] Info:     last-modified: Mon, 17 Oct 2022 18:10:43 GMT
[13:50:37.44] Info:     etag: W/"634d9aa3-1086"
[13:50:37.44] Info:     cache-control: no-cache
[13:50:37.44] Info:     access-control-allow-origin: *
[13:50:37.44] Info:     cf-cache-status: HIT
[13:50:37.44] Info:     vary: Accept-Encoding
[13:50:37.44] Info:     server: cloudflare
[13:50:37.44] Info:     cf-ray: 775525f71852d2c5-CDG
[13:50:37.44] Info:     content-encoding: gzip
[13:50:37.44] Info: 127.0.0.1:58356: GET https://cdn-virtual-agent-enriched.smartly.ai/assets/css/Open+Sans.css HTTP/2.0
[13:50:37.44] Info:     user-agent: Mozilla/5.0 (Windows NT 10.0; Win64; x64; rv:102.0) Gecko/20100101 Firefox/102.0
[13:50:37.45] Info:     accept: text/css,*/*;q=0.1
[13:50:37.45] Info:     accept-language: fr,fr-FR;q=0.8,en-US;q=0.5,en;q=0.3
[13:50:37.45] Info:     accept-encoding: gzip, deflate, br
[13:50:37.45] Info:     dnt: 1
[13:50:37.45] Info:     referer: https://cdn-virtual-agent-enriched.smartly.ai/css/style.min.css
[13:50:37.45] Info:     sec-fetch-dest: style
[13:50:37.45] Info:     sec-fetch-mode: no-cors
[13:50:37.45] Info:     sec-fetch-site: same-origin
[13:50:37.45] Info:     te: trailers
[13:50:37.45] Info:  << HTTP/2.0 200 OK 525b
[13:50:37.45] Info:     date: Tue, 06 Dec 2022 12:50:37 GMT
[13:50:37.45] Info:     content-type: text/css
[13:50:37.45] Info:     last-modified: Mon, 17 Oct 2022 18:10:43 GMT
[13:50:37.45] Info:     etag: W/"634d9aa3-88d"
[13:50:37.45] Info:     cache-control: no-cache
[13:50:37.45] Info:     access-control-allow-origin: *
[13:50:37.45] Info:     cf-cache-status: HIT
[13:50:37.45] Info:     vary: Accept-Encoding
[13:50:37.45] Info:     server: cloudflare
[13:50:37.45] Info:     cf-ray: 775525f7185ad2c5-CDG
[13:50:37.45] Info:     content-encoding: gzip
[13:50:37.47] Info: 127.0.0.1:58356: GET https://cdn-virtual-agent-enriched.smartly.ai/assets/css/Montserrat.css HTTP/2.0
[13:50:37.47] Info:     user-agent: Mozilla/5.0 (Windows NT 10.0; Win64; x64; rv:102.0) Gecko/20100101 Firefox/102.0
[13:50:37.47] Info:     accept: text/css,*/*;q=0.1
[13:50:37.47] Info:     accept-language: fr,fr-FR;q=0.8,en-US;q=0.5,en;q=0.3
[13:50:37.47] Info:     accept-encoding: gzip, deflate, br
[13:50:37.47] Info:     dnt: 1
[13:50:37.47] Info:     referer: https://cdn-virtual-agent-enriched.smartly.ai/css/style.min.css
[13:50:37.47] Info:     sec-fetch-dest: style
[13:50:37.47] Info:     sec-fetch-mode: no-cors
[13:50:37.47] Info:     sec-fetch-site: same-origin
[13:50:37.47] Info:     te: trailers
[13:50:37.47] Info:  << HTTP/2.0 200 OK 848b
[13:50:37.47] Info:     date: Tue, 06 Dec 2022 12:50:37 GMT
[13:50:37.47] Info:     content-type: text/css
[13:50:37.47] Info:     last-modified: Mon, 17 Oct 2022 18:10:43 GMT
[13:50:37.47] Info:     etag: W/"634d9aa3-323b"
[13:50:37.47] Info:     cache-control: no-cache
[13:50:37.47] Info:     access-control-allow-origin: *
[13:50:37.47] Info:     cf-cache-status: HIT
[13:50:37.47] Info:     vary: Accept-Encoding
[13:50:37.47] Info:     server: cloudflare
[13:50:37.47] Info:     cf-ray: 775525f73878d2c5-CDG
[13:50:37.47] Info:     content-encoding: gzip
[13:50:37.48] Info: 127.0.0.1:58370: clientconnect
[13:50:37.88] Info: 127.0.0.1:58370: GET https://media-virtual-agent-enriched.smartly.ai/image/1622640866541.png HTTP/2.0
[13:50:37.88] Info:     user-agent: Mozilla/5.0 (Windows NT 10.0; Win64; x64; rv:102.0) Gecko/20100101 Firefox/102.0
[13:50:37.90] Info:     accept: image/avif,image/webp,*/*
[13:50:37.90] Info:     accept-language: fr,fr-FR;q=0.8,en-US;q=0.5,en;q=0.3
[13:50:37.90] Info:     accept-encoding: gzip, deflate, br
[13:50:37.90] Info:     dnt: 1
[13:50:37.90] Info:     sec-fetch-dest: image
[13:50:37.90] Info:     sec-fetch-mode: no-cors
[13:50:37.90] Info:     sec-fetch-site: cross-site
[13:50:37.90] Info:     te: trailers
[13:50:37.90] Info:  << HTTP/2.0 200 OK 2.16k
[13:50:37.90] Info:     date: Tue, 06 Dec 2022 12:50:37 GMT
[13:50:37.90] Info:     content-type: image/png
[13:50:37.90] Info:     x-powered-by: Express
[13:50:37.90] Info:     access-control-allow-origin: *
[13:50:37.90] Info:     content-security-policy: default-src 'self';
[13:50:37.90] Info:     last-modified: Tue, 06 Dec 2022 11:04:55 GMT
[13:50:37.90] Info:     cf-cache-status: HIT
[13:50:37.90] Info:     age: 6342
[13:50:37.90] Info:     vary: Accept-Encoding
[13:50:37.90] Info:     server: cloudflare
[13:50:37.90] Info:     cf-ray: 775525f9e9a6d626-CDG
[13:50:38.60] Info: 127.0.0.1:58341: clientdisconnect
[13:50:38.60] Info: 127.0.0.1:58340: clientdisconnect
[13:50:38.61] Info: 127.0.0.1:58339: clientdisconnect
[13:50:39.61] Info: 127.0.0.1:58351: clientdisconnect
[13:50:39.61] Info: 127.0.0.1:58346: clientdisconnect
[13:50:44] Info: The Proxy Recorder has finished recording.
[13:50:44] Info: The Proxy Recorder is preparing the HAR results file. The recording window will close automatically (do not close the window manually during this process).
[13:50:44.01] Info: [::1]:58374: clientconnect
