[14:16:11.15] Info: Running build Release_2022.2.0_2378 on windows
[14:16:11.17] Info: DevWeb offline generator started with 'har' mode, 'url' level.
[14:16:11.17] Info: Generating script from 'Urssaf.har'.
[14:16:11.17] Info: Using configuration file: C:\Users\AC75008734\Desktop\Dossiers\Projets\Projet_1_(LoadRunner_Developer)\LRD\LoadRunner_Developer_2022.2\DevWeb\generator_config.yml.
[14:16:11.19] Info: HAR file loaded, started parsing phase.
[14:16:11.19] Info: Parsing done, loaded 24 steps from HAR.
[14:16:11.19] Info: Configured headers to filter: [Host Content-Length Cookie]
[14:16:11.19] Info: Configured hosts exclude list: [.*google.* .*bing.* .*geolocation.* .*gstatic.* .*firefox.*]
[14:16:11.20] Info: Configured extensions to filter: [.ico .css .js .png .svg .jsp .php .ttf .json .html .woff2 .jpg .zgz .gif .ur]
[14:16:11.20] Info: **********************************************
[14:16:11.20] Info: WebRequest [Id: 1] GET 'https://www.urssaf.fr/'
[14:16:11.21] Info: **********************************************
[14:16:11.21] Info: WebRequest [Id: 2] GET 'http://www.urssaf.fr/'
[14:16:11.21] Info: Created 2 steps.
[14:16:11.22] Info: scenario.yml already exists at 'C:\Users\AC75008734\Desktop\Dossiers\Projets\Projet_1_(LoadRunner_Developer)\LRD\LoadRunner_Developer_2022.2\DevWeb' and will not be updated.
[14:16:11.22] Info: rts.yml already exists at 'C:\Users\AC75008734\Desktop\Dossiers\Projets\Projet_1_(LoadRunner_Developer)\LRD\LoadRunner_Developer_2022.2\DevWeb\rts.yml' and will not be updated.
[14:16:11.23] Info: DevWeb script generated in folder 'C:\Users\AC75008734\Desktop\Dossiers\Projets\Projet_1_(LoadRunner_Developer)\LRD\LoadRunner_Developer_2022.2\DevWeb'.
[14:16:11.24] Info: Save input file as C:\Users\AC75008734\Desktop\Dossiers\Projets\Projet_1_(LoadRunner_Developer)\LRD\LoadRunner_Developer_2022.2\DevWeb\codegen\codegen.har
.4.js'
[14:16:00.65] Info: **********************************************
[14:16:00.65] Info: WebRequest [Id: 8] GET 'https://cdn-virtual-agent-enriched.smartly.ai/assets/js/jquery.min.2.2.4.js'
[14:16:00.66] Info: **********************************************
[14:16:00.66] Info: WebRequest [Id: 9] GET 'http://www.urssaf.fr/'
[14:16:00.67] Info: **********************************************
[14:16:00.67] Info: WebRequest [Id: 10] GET 'https://cdn-virtual-agent-enriched.smartly.ai/assets/js/jquery.mCustomScrollbar.concat.min.3.1.3.js'
[14:16:00.68] Info: **********************************************
[14:16:00.68] Info: WebRequest [Id: 11] GET 'https://cdn-virtual-agent-enriched.smartly.ai/css/style.min.css'
[14:16:00.69] Info: **********************************************
[14:16:00.69] Info: WebRequest [Id: 12] GET 'https://cdn-virtual-agent-enriched.smartly.ai/assets/css/jquery.mCustomScrollbar.min.3.1.3.css'
[14:16:00.70] Info: **********************************************
[14:16:00.70] Info: WebRequest [Id: 13] GET 'https://cdn-virtual-agent-enriched.smartly.ai/assets/css/Material+Icons+Sharp.css'
[14:16:00.70] Info: **********************************************
[14:16:00.70] Info: WebRequest [Id: 14] GET 'https://cdn-virtual-agent-enriched.smartly.ai/assets/css/Montserrat.css'
[14:16:00.71] Info: **********************************************
[14:16:00.71] Info: WebRequest [Id: 15] GET 'https://cdn-virtual-agent-enriched.smartly.ai/assets/css/Open+Sans.css'
[14:16:00.72] Info: **********************************************
[14:16:00.72] Info: WebRequest [Id: 16] GET 'https://media-virtual-agent-enriched.smartly.ai/image/1622640866541.png'
[14:16:00.72] Info: Created 16 steps.
[14:16:00.73] Info: scenario.yml already exists at 'C:\Users\AC75008734\Desktop\Dossiers\Projets\Projet_1_(LoadRunner_Developer)\LRD\LoadRunner_Developer_2022.2\DevWeb' and will not be updated.
[14:16:00.73] Info: rts.yml already exists at 'C:\Users\AC75008734\Desktop\Dossiers\Projets\Projet_1_(LoadRunner_Developer)\LRD\LoadRunner_Developer_2022.2\DevWeb\rts.yml' and will not be updated.
[14:16:00.74] Info: DevWeb script generated in folder 'C:\Users\AC75008734\Desktop\Dossiers\Projets\Projet_1_(LoadRunner_Developer)\LRD\LoadRunner_Developer_2022.2\DevWeb'.
[14:16:00.75] Info: Save input file as C:\Users\AC75008734\Desktop\Dossiers\Projets\Projet_1_(LoadRunner_Developer)\LRD\LoadRunner_Developer_2022.2\DevWeb\codegen\codegen.har
eloper_2022.2\DevWeb' and will not be updated.
[13:58:34.34] Info: rts.yml already exists at 'C:\Users\AC75008734\Desktop\Dossiers\Projets\Projet_1_(LoadRunner_Developer)\LRD\LoadRunner_Developer_2022.2\DevWeb\rts.yml' and will not be updated.
[13:58:34.35] Info: DevWeb script generated in folder 'C:\Users\AC75008734\Desktop\Dossiers\Projets\Projet_1_(LoadRunner_Developer)\LRD\LoadRunner_Developer_2022.2\DevWeb'.
[13:58:34.36] Info: Save input file as C:\Users\AC75008734\Desktop\Dossiers\Projets\Projet_1_(LoadRunner_Developer)\LRD\LoadRunner_Developer_2022.2\DevWeb\codegen\codegen.har
eb\rts.yml' and will not be updated.
[11:51:20.55] Info: DevWeb script generated in folder 'C:\Users\AC75008734\Desktop\Dossiers\Projets\Projet_1_(LoadRunner_Developer)\LRD\LoadRunner_Developer_2022.2\DevWeb'.
[11:51:20.57] Info: Save input file as C:\Users\AC75008734\Desktop\Dossiers\Projets\Projet_1_(LoadRunner_Developer)\LRD\LoadRunner_Developer_2022.2\DevWeb\codegen\codegen.har
gz'
[11:49:14.61] Info: **********************************************
[11:49:14.61] Info: WebRequest [Id: 24] GET 'https://mail.etu.univ-lorraine.fr/zimbra/js/Contacts_all.js.zgz'
[11:49:14.62] Info: **********************************************
[11:49:14.62] Info: WebRequest [Id: 25] GET 'https://mail.etu.univ-lorraine.fr/service/zimlet/com_zimbra_email/img/EmailZimlet_busy.gif'
[11:49:14.63] Info: **********************************************
[11:49:14.63] Info: WebRequest [Id: 26] GET 'https://mail.etu.univ-lorraine.fr/service/zimlet/com_zimbra_email/img/UnknownPerson_dataNotFound.jpg'
[11:49:14.64] Info: **********************************************
[11:49:14.64] Info: WebRequest [Id: 27] GET 'https://mail.etu.univ-lorraine.fr/zimbra/js/ZimletApp_all.js.zgz'
[11:49:14.64] Info: Created 30 steps.
[11:49:14.65] Info: scenario.yml already exists at 'C:\Users\AC75008734\Desktop\Dossiers\Projets\Projet_1_(LoadRunner_Developer)\LRD\LoadRunner_Developer_2022.2\DevWeb' and will not be updated.
[11:49:14.65] Info: rts.yml already exists at 'C:\Users\AC75008734\Desktop\Dossiers\Projets\Projet_1_(LoadRunner_Developer)\LRD\LoadRunner_Developer_2022.2\DevWeb\rts.yml' and will not be updated.
[11:49:14.65] Info: DevWeb script generated in folder 'C:\Users\AC75008734\Desktop\Dossiers\Projets\Projet_1_(LoadRunner_Developer)\LRD\LoadRunner_Developer_2022.2\DevWeb'.
[11:49:14.67] Info: Save input file as C:\Users\AC75008734\Desktop\Dossiers\Projets\Projet_1_(LoadRunner_Developer)\LRD\LoadRunner_Developer_2022.2\DevWeb\codegen\codegen.har
*****************************************
[11:47:45.08] Info: WebRequest [Id: 32] GET 'https://mail.etu.univ-lorraine.fr/zimbra/js/Calendar_all.js.zgz'
[11:47:45.09] Info: **********************************************
[11:47:45.09] Info: WebRequest [Id: 33] GET 'https://mail.etu.univ-lorraine.fr/zimbra/js/Zimlet_all.js.zgz'
[11:47:45.10] Info: **********************************************
[11:47:45.10] Info: WebRequest [Id: 34] GET 'https://mail.etu.univ-lorraine.fr/service/zimlet/res/Zimlets-nodev_all.js.zgz'
[11:47:45.11] Info: **********************************************
[11:47:45.11] Info: WebRequest [Id: 35] GET 'https://mail.etu.univ-lorraine.fr/zimbra/js/Contacts_all.js.zgz'
[11:47:45.12] Info: **********************************************
[11:47:45.12] Info: WebRequest [Id: 36] GET 'https://mail.etu.univ-lorraine.fr/service/zimlet/com_zimbra_email/img/EmailZimlet_busy.gif'
[11:47:45.13] Info: **********************************************
[11:47:45.13] Info: WebRequest [Id: 37] GET 'https://mail.etu.univ-lorraine.fr/service/zimlet/com_zimbra_email/img/UnknownPerson_dataNotFound.jpg'
[11:47:45.13] Info: **********************************************
[11:47:45.13] Info: WebRequest [Id: 38] GET 'https://mail.etu.univ-lorraine.fr/zimbra/js/ZimletApp_all.js.zgz'
[11:47:45.13] Info: Created 41 steps.
[11:47:45.14] Info: scenario.yml already exists at 'C:\Users\AC75008734\Desktop\Dossiers\Projets\Projet_1_(LoadRunner_Developer)\LRD\LoadRunner_Developer_2022.2\DevWeb' and will not be updated.
[11:47:45.14] Info: rts.yml already exists at 'C:\Users\AC75008734\Desktop\Dossiers\Projets\Projet_1_(LoadRunner_Developer)\LRD\LoadRunner_Developer_2022.2\DevWeb\rts.yml' and will not be updated.
[11:47:45.15] Info: DevWeb script generated in folder 'C:\Users\AC75008734\Desktop\Dossiers\Projets\Projet_1_(LoadRunner_Developer)\LRD\LoadRunner_Developer_2022.2\DevWeb'.
[11:47:45.17] Info: Save input file as C:\Users\AC75008734\Desktop\Dossiers\Projets\Projet_1_(LoadRunner_Developer)\LRD\LoadRunner_Developer_2022.2\DevWeb\codegen\codegen.har
er_Developer_2022.2\DevWeb' and will not be updated.
[11:46:35.99] Info: rts.yml already exists at 'C:\Users\AC75008734\Desktop\Dossiers\Projets\Projet_1_(LoadRunner_Developer)\LRD\LoadRunner_Developer_2022.2\DevWeb\rts.yml' and will not be updated.
[11:46:36.00] Info: DevWeb script generated in folder 'C:\Users\AC75008734\Desktop\Dossiers\Projets\Projet_1_(LoadRunner_Developer)\LRD\LoadRunner_Developer_2022.2\DevWeb'.
[11:46:36.02] Info: Save input file as C:\Users\AC75008734\Desktop\Dossiers\Projets\Projet_1_(LoadRunner_Developer)\LRD\LoadRunner_Developer_2022.2\DevWeb\codegen\codegen.har
be updated.
[11:46:08.00] Info: rts.yml already exists at 'C:\Users\AC75008734\Desktop\Dossiers\Projets\Projet_1_(LoadRunner_Developer)\LRD\LoadRunner_Developer_2022.2\DevWeb\rts.yml' and will not be updated.
[11:46:08.01] Info: DevWeb script generated in folder 'C:\Users\AC75008734\Desktop\Dossiers\Projets\Projet_1_(LoadRunner_Developer)\LRD\LoadRunner_Developer_2022.2\DevWeb'.
[11:46:08.03] Info: Save input file as C:\Users\AC75008734\Desktop\Dossiers\Projets\Projet_1_(LoadRunner_Developer)\LRD\LoadRunner_Developer_2022.2\DevWeb\codegen\codegen.har
Info: WebRequest [Id: 51] GET 'https://mail.etu.univ-lorraine.fr/zimbra/js/Contacts_all.js.zgz'
[11:45:43.00] Info: **********************************************
[11:45:43.00] Info: WebRequest [Id: 52] GET 'https://mail.etu.univ-lorraine.fr/service/zimlet/com_zimbra_email/img/EmailZimlet_busy.gif'
[11:45:43.01] Info: **********************************************
[11:45:43.01] Info: WebRequest [Id: 53] GET 'https://mail.etu.univ-lorraine.fr/service/zimlet/com_zimbra_email/img/UnknownPerson_dataNotFound.jpg'
[11:45:43.02] Info: **********************************************
[11:45:43.02] Info: WebRequest [Id: 54] GET 'https://mail.etu.univ-lorraine.fr/zimbra/js/ZimletApp_all.js.zgz'
[11:45:43.02] Info: Created 57 steps.
[11:45:43.03] Info: scenario.yml already exists at 'C:\Users\AC75008734\Desktop\Dossiers\Projets\Projet_1_(LoadRunner_Developer)\LRD\LoadRunner_Developer_2022.2\DevWeb' and will not be updated.
[11:45:43.03] Info: rts.yml already exists at 'C:\Users\AC75008734\Desktop\Dossiers\Projets\Projet_1_(LoadRunner_Developer)\LRD\LoadRunner_Developer_2022.2\DevWeb\rts.yml' and will not be updated.
[11:45:43.04] Info: DevWeb script generated in folder 'C:\Users\AC75008734\Desktop\Dossiers\Projets\Projet_1_(LoadRunner_Developer)\LRD\LoadRunner_Developer_2022.2\DevWeb'.
[11:45:43.06] Info: Save input file as C:\Users\AC75008734\Desktop\Dossiers\Projets\Projet_1_(LoadRunner_Developer)\LRD\LoadRunner_Developer_2022.2\DevWeb\codegen\codegen.har
[11:45:25.16] Info: Save input file as C:\Users\AC75008734\Desktop\Dossiers\Projets\Projet_1_(LoadRunner_Developer)\LRD\LoadRunner_Developer_2022.2\DevWeb\codegen\codegen.har

[11:45:10.01] Info: WebRequest [Id: 60] HEAD 'https://mail.etu.univ-lorraine.fr/public/blank.html'
[11:45:10.02] Info: **********************************************
[11:45:10.02] Info: WebRequest [Id: 61] GET 'https://mail.etu.univ-lorraine.fr/zimbra/img/animated/Imgwait_64.gif'
[11:45:10.03] Info: **********************************************
[11:45:10.04] Info: WebRequest [Id: 62] GET 'https://mail.etu.univ-lorraine.fr/zimbra/js/MailCore_all.js.zgz'
[11:45:10.04] Info: **********************************************
[11:45:10.04] Info: WebRequest [Id: 63] GET 'https://mail.etu.univ-lorraine.fr/zimbra/logos/logo_ul.png'
[11:45:10.05] Info: **********************************************
[11:45:10.05] Info: WebRequest [Id: 64] GET 'https://mail.etu.univ-lorraine.fr/zimbra/js/ContactsCore_all.js.zgz'
[11:45:10.06] Info: **********************************************
[11:45:10.06] Info: WebRequest [Id: 65] GET 'https://mail.etu.univ-lorraine.fr/home/nicolas.ney4@etu.univ-lorraine.fr/Contacts'
[11:45:10.07] Info: **********************************************
[11:45:10.07] Info: WebRequest [Id: 66] GET 'https://mail.etu.univ-lorraine.fr/zimbra/skins/beach/img/zimbra.png'
[11:45:10.14] Info: **********************************************
[11:45:10.14] Info: WebRequest [Id: 67] GET 'https://mail.etu.univ-lorraine.fr/zimbra/js/Startup2_all.js.zgz'
[11:45:10.16] Info: **********************************************
[11:45:10.16] Info: WebRequest [Id: 68] GET 'https://mail.etu.univ-lorraine.fr/zimbra/js/CalendarCore_all.js.zgz'
[11:45:10.18] Info: **********************************************
[11:45:10.18] Info: WebRequest [Id: 69] GET 'https://mail.etu.univ-lorraine.fr/zimbra/js/Calendar_all.js.zgz'
[11:45:10.19] Info: **********************************************
[11:45:10.19] Info: WebRequest [Id: 70] GET 'https://mail.etu.univ-lorraine.fr/zimbra/js/Zimlet_all.js.zgz'
[11:45:10.20] Info: **********************************************
[11:45:10.20] Info: WebRequest [Id: 71] GET 'https://mail.etu.univ-lorraine.fr/service/zimlet/res/Zimlets-nodev_all.js.zgz'
[11:45:10.21] Info: **********************************************
[11:45:10.21] Info: WebRequest [Id: 72] GET 'https://mail.etu.univ-lorraine.fr/zimbra/js/Contacts_all.js.zgz'
[11:45:10.21] Info: **********************************************
[11:45:10.21] Info: WebRequest [Id: 73] GET 'https://mail.etu.univ-lorraine.fr/service/zimlet/com_zimbra_email/img/EmailZimlet_busy.gif'
[11:45:10.22] Info: **********************************************
[11:45:10.22] Info: WebRequest [Id: 74] GET 'https://mail.etu.univ-lorraine.fr/service/zimlet/com_zimbra_email/img/UnknownPerson_dataNotFound.jpg'
[11:45:10.23] Info: **********************************************
[11:45:10.23] Info: WebRequest [Id: 75] GET 'https://mail.etu.univ-lorraine.fr/zimbra/js/ZimletApp_all.js.zgz'
[11:45:10.24] Info: **********************************************
[11:45:10.24] Info: WebRequest [Id: 76] GET 'https://mail.etu.univ-lorraine.fr/service/zimlet/com_zimbra_rocket/rocket.png'
[11:45:10.24] Info: Created 79 steps.
[11:45:10.25] Info: scenario.yml already exists at 'C:\Users\AC75008734\Desktop\Dossiers\Projets\Projet_1_(LoadRunner_Developer)\LRD\LoadRunner_Developer_2022.2\DevWeb' and will not be updated.
[11:45:10.25] Info: rts.yml already exists at 'C:\Users\AC75008734\Desktop\Dossiers\Projets\Projet_1_(LoadRunner_Developer)\LRD\LoadRunner_Developer_2022.2\DevWeb\rts.yml' and will not be updated.
[11:45:10.27] Info: DevWeb script generated in folder 'C:\Users\AC75008734\Desktop\Dossiers\Projets\Projet_1_(LoadRunner_Developer)\LRD\LoadRunner_Developer_2022.2\DevWeb'.
[11:45:10.31] Info: Save input file as C:\Users\AC75008734\Desktop\Dossiers\Projets\Projet_1_(LoadRunner_Developer)\LRD\LoadRunner_Developer_2022.2\DevWeb\codegen\codegen.har
38] Info: **********************************************
[11:44:25.38] Info: WebRequest [Id: 83] GET 'https://mail.etu.univ-lorraine.fr/zimbra/logos/logo_ul.png'
[11:44:25.38] Info: **********************************************
[11:44:25.38] Info: WebRequest [Id: 84] GET 'https://mail.etu.univ-lorraine.fr/zimbra/js/ContactsCore_all.js.zgz'
[11:44:25.39] Info: **********************************************
[11:44:25.39] Info: WebRequest [Id: 85] GET 'https://mail.etu.univ-lorraine.fr/home/nicolas.ney4@etu.univ-lorraine.fr/Contacts'
[11:44:25.40] Info: **********************************************
[11:44:25.40] Info: WebRequest [Id: 86] GET 'https://mail.etu.univ-lorraine.fr/zimbra/skins/beach/img/zimbra.png'
[11:44:25.41] Info: **********************************************
[11:44:25.41] Info: WebRequest [Id: 87] GET 'https://mail.etu.univ-lorraine.fr/zimbra/js/Startup2_all.js.zgz'
[11:44:25.42] Info: **********************************************
[11:44:25.42] Info: WebRequest [Id: 88] GET 'https://mail.etu.univ-lorraine.fr/zimbra/js/CalendarCore_all.js.zgz'
[11:44:25.43] Info: **********************************************
[11:44:25.43] Info: WebRequest [Id: 89] GET 'https://mail.etu.univ-lorraine.fr/zimbra/js/Calendar_all.js.zgz'
[11:44:25.44] Info: **********************************************
[11:44:25.44] Info: WebRequest [Id: 90] GET 'https://mail.etu.univ-lorraine.fr/zimbra/js/Zimlet_all.js.zgz'
[11:44:25.45] Info: **********************************************
[11:44:25.45] Info: WebRequest [Id: 91] GET 'https://mail.etu.univ-lorraine.fr/service/zimlet/res/Zimlets-nodev_all.js.zgz'
[11:44:25.46] Info: **********************************************
[11:44:25.46] Info: WebRequest [Id: 92] GET 'https://mail.etu.univ-lorraine.fr/zimbra/js/Contacts_all.js.zgz'
[11:44:25.47] Info: **********************************************
[11:44:25.47] Info: WebRequest [Id: 93] GET 'https://mail.etu.univ-lorraine.fr/service/zimlet/com_zimbra_email/img/EmailZimlet_busy.gif'
[11:44:25.48] Info: **********************************************
[11:44:25.48] Info: WebRequest [Id: 94] GET 'https://mail.etu.univ-lorraine.fr/service/zimlet/com_zimbra_email/img/UnknownPerson_dataNotFound.jpg'
[11:44:25.49] Info: **********************************************
[11:44:25.49] Info: WebRequest [Id: 95] GET 'https://mail.etu.univ-lorraine.fr/zimbra/js/ZimletApp_all.js.zgz'
[11:44:25.50] Info: **********************************************
[11:44:25.50] Info: WebRequest [Id: 96] GET 'https://mail.etu.univ-lorraine.fr/service/zimlet/com_zimbra_rocket/rocket.png'
[11:44:25.50] Info: Created 99 steps.
[11:44:25.50] Info: scenario.yml already exists at 'C:\Users\AC75008734\Desktop\Dossiers\Projets\Projet_1_(LoadRunner_Developer)\LRD\LoadRunner_Developer_2022.2\DevWeb' and will not be updated.
[11:44:25.51] Info: rts.yml already exists at 'C:\Users\AC75008734\Desktop\Dossiers\Projets\Projet_1_(LoadRunner_Developer)\LRD\LoadRunner_Developer_2022.2\DevWeb\rts.yml' and will not be updated.
[11:44:25.52] Info: DevWeb script generated in folder 'C:\Users\AC75008734\Desktop\Dossiers\Projets\Projet_1_(LoadRunner_Developer)\LRD\LoadRunner_Developer_2022.2\DevWeb'.
[11:44:25.54] Info: Save input file as C:\Users\AC75008734\Desktop\Dossiers\Projets\Projet_1_(LoadRunner_Developer)\LRD\LoadRunner_Developer_2022.2\DevWeb\codegen\codegen.har
l.js.zgz'
[11:43:22.40] Info: **********************************************
[11:43:22.41] Info: WebRequest [Id: 101] GET 'https://mail.etu.univ-lorraine.fr/service/zimlet/res/Zimlets-nodev_all.js.zgz'
[11:43:22.41] Info: **********************************************
[11:43:22.41] Info: WebRequest [Id: 102] GET 'https://mail.etu.univ-lorraine.fr/service/zimlet/res/Zimlets-nodev_all.css'
[11:43:22.42] Info: **********************************************
[11:43:22.42] Info: WebRequest [Id: 103] GET 'https://mail.etu.univ-lorraine.fr/zimbra/js/Contacts_all.js.zgz'
[11:43:22.43] Info: **********************************************
[11:43:22.43] Info: WebRequest [Id: 104] GET 'https://mail.etu.univ-lorraine.fr/service/zimlet/com_zimbra_email/img/EmailZimlet_busy.gif'
[11:43:22.44] Info: **********************************************
[11:43:22.44] Info: WebRequest [Id: 105] GET 'https://mail.etu.univ-lorraine.fr/service/zimlet/com_zimbra_email/img/UnknownPerson_dataNotFound.jpg'
[11:43:22.44] Info: **********************************************
[11:43:22.44] Info: WebRequest [Id: 106] GET 'https://mail.etu.univ-lorraine.fr/zimbra/js/ZimletApp_all.js.zgz'
[11:43:22.45] Info: **********************************************
[11:43:22.45] Info: WebRequest [Id: 107] GET 'https://mail.etu.univ-lorraine.fr/service/zimlet/com_zimbra_rocket/rocket.png'
[11:43:22.45] Info: Created 110 steps.
[11:43:22.46] Info: scenario.yml already exists at 'C:\Users\AC75008734\Desktop\Dossiers\Projets\Projet_1_(LoadRunner_Developer)\LRD\LoadRunner_Developer_2022.2\DevWeb' and will not be updated.
[11:43:22.46] Info: rts.yml already exists at 'C:\Users\AC75008734\Desktop\Dossiers\Projets\Projet_1_(LoadRunner_Developer)\LRD\LoadRunner_Developer_2022.2\DevWeb\rts.yml' and will not be updated.
[11:43:22.47] Info: DevWeb script generated in folder 'C:\Users\AC75008734\Desktop\Dossiers\Projets\Projet_1_(LoadRunner_Developer)\LRD\LoadRunner_Developer_2022.2\DevWeb'.
[11:43:22.49] Info: Save input file as C:\Users\AC75008734\Desktop\Dossiers\Projets\Projet_1_(LoadRunner_Developer)\LRD\LoadRunner_Developer_2022.2\DevWeb\codegen\codegen.har
.gif'
[13:01:03.38] Info: **********************************************
[13:01:03.38] Info: WebRequest [Id: 105] GET 'https://cdn.tagcommander.com/4736/tc_Acoss_62.js'
[13:01:03.39] Info: **********************************************
[13:01:03.39] Info: WebRequest [Id: 106] GET 'https://use.fontawesome.com/releases/v5.14.0/webfonts/fa-solid-900.woff2'
[13:01:03.39] Info: **********************************************
[13:01:03.39] Info: WebRequest [Id: 107] GET 'https://www.pajemploi.urssaf.fr/pajewebinfo/files/live/sites/pajewebinfo/files/contributed/banniere/banniere-conges-payes-022022.gif'
[13:01:03.39] Info: **********************************************
[13:01:03.39] Info: WebRequest [Id: 108] GET 'https://www.pajemploi.urssaf.fr/pajewebinfo/modules/pajetemplates/img/background_actualites_top.jpg'
[13:01:03.40] Info: **********************************************
[13:01:03.40] Info: WebRequest [Id: 109] GET 'https://www.pajemploi.urssaf.fr/pajewebinfo/modules/pajetemplates/img/lien_externe.gif'
[13:01:03.40] Info: **********************************************
[13:01:03.40] Info: WebRequest [Id: 110] GET 'https://cdn.tagcommander.com/4736/tc_Acoss_58.js'
[13:01:03.41] Info: **********************************************
[13:01:03.41] Info: WebRequest [Id: 111] GET 'https://www.pajemploi.urssaf.fr/pajewebinfo/modules/pajetemplates/img/form_bottom.jpg'
[13:01:03.41] Info: **********************************************
[13:01:03.41] Info: WebRequest [Id: 112] GET 'https://www.pajemploi.urssaf.fr/pajewebinfo/modules/pajetemplates/img/degrade_ul_menu.jpg'
[13:01:03.42] Info: **********************************************
[13:01:03.42] Info: WebRequest [Id: 113] GET 'https://www.pajemploi.urssaf.fr/pajewebinfo/modules/pajetemplates/img/form_top.jpg'
[13:01:03.42] Info: **********************************************
[13:01:03.42] Info: WebRequest [Id: 114] GET 'https://www.pajemploi.urssaf.fr/pajewebinfo/modules/pajetemplates/img/form_input.jpg'
[13:01:03.42] Info: **********************************************
[13:01:03.42] Info: WebRequest [Id: 115] GET 'https://www.pajemploi.urssaf.fr/pajewebinfo/modules/pajetemplates/img/col_right_bloc_top.gif'
[13:01:03.43] Info: **********************************************
[13:01:03.43] Info: WebRequest [Id: 116] GET 'https://www.pajemploi.urssaf.fr/pajewebinfo/modules/pajetemplates/img/h2_simulations.gif'
[13:01:03.43] Info: **********************************************
[13:01:03.43] Info: WebRequest [Id: 117] GET 'https://www.pajemploi.urssaf.fr/pajewebinfo/modules/pajetemplates/img/h2_faq.gif'
[13:01:03.43] Info: **********************************************
[13:01:03.43] Info: WebRequest [Id: 118] GET 'https://www.pajemploi.urssaf.fr/pajewebinfo/files/live/sites/pajewebinfo/files/imagesIcones/h2_documentation.gif'
[13:01:03.44] Info: **********************************************
[13:01:03.44] Info: WebRequest [Id: 119] GET 'https://www.pajemploi.urssaf.fr/pajewebinfo/files/live/sites/pajewebinfo/files/contributed/pdf/guide-primo-declarant/capture-pdf-guide.jpg'
[13:01:03.44] Info: **********************************************
[13:01:03.44] Info: WebRequest [Id: 120] GET 'https://www.pajemploi.urssaf.fr/pajewebinfo/modules/pajetemplates/img/degrade_ul_menu_a.gif'
[13:01:03.44] Info: **********************************************
[13:01:03.44] Info: WebRequest [Id: 121] GET 'https://www.pajemploi.urssaf.fr/pajewebinfo/modules/pajetemplates/img/h2_liens_utiles.gif'
[13:01:03.45] Info: **********************************************
[13:01:03.45] Info: WebRequest [Id: 122] GET 'https://www.pajemploi.urssaf.fr/pajewebinfo/modules/pajetemplates/img/contact_courriel.gif'
[13:01:03.45] Info: **********************************************
[13:01:03.45] Info: WebRequest [Id: 123] GET 'https://www.pajemploi.urssaf.fr/pajewebinfo/modules/pajetemplates/img/contact_courrier.gif'
[13:01:03.46] Info: **********************************************
[13:01:03.46] Info: WebRequest [Id: 124] GET 'https://tm.urssaf.fr/tm.ur'
[13:01:03.46] Info: **********************************************
[13:01:03.46] Info: WebRequest [Id: 125] GET 'https://cdn-virtual-agent-enriched.smartly.ai/webchat.min.js'
[13:01:03.46] Info: **********************************************
[13:01:03.46] Info: WebRequest [Id: 126] GET 'https://www.pajemploi.urssaf.fr/pajewebinfo/modules/pajetemplates/img/contact_telephone.gif'
[13:01:03.46] Info: **********************************************
[13:01:03.46] Info: WebRequest [Id: 127] GET 'https://www.pajemploi.urssaf.fr/pajewebinfo/modules/pajetemplates/img/header_footer.gif'
[13:01:03.47] Info: **********************************************
[13:01:03.47] Info: WebRequest [Id: 128] GET 'https://www.pajemploi.urssaf.fr/pajewebinfo/modules/pajetemplates/css/print.css'
[13:01:03.47] Info: **********************************************
[13:01:03.47] Info: WebRequest [Id: 129] GET 'https://www.pajemploi.urssaf.fr/pajewebinfo/files/live/sites/pajewebinfo/files/contributed/imagesArticles/Articles_vignettes_93-73/Fotolia_39147838_Subscription_Monthly_M.jpg'
[13:01:03.48] Info: **********************************************
[13:01:03.48] Info: WebRequest [Id: 130] GET 'https://www.pajemploi.urssaf.fr/pajewebinfo/files/live/sites/pajewebinfo/files/contributed/imagesArticles/Articles_vignettes_93-73/Fotolia_76351496_Subscription_Monthly_M_Pajemploi.jpg'
[13:01:03.48] Info: **********************************************
[13:01:03.48] Info: WebRequest [Id: 131] GET 'https://www.pajemploi.urssaf.fr/pajewebinfo/files/live/sites/pajewebinfo/files/contributed/imagesArticles/Articles_vignettes_93-73/Fotolia_99033545_Subscription_Monthly_M.jpg'
[13:01:03.49] Info: **********************************************
[13:01:03.49] Info: WebRequest [Id: 132] GET 'https://www.pajemploi.urssaf.fr/pajewebinfo/files/live/sites/pajewebinfo/files/contributed/autopromo/2022/Autopromo-Facebook.gif'
[13:01:03.49] Info: **********************************************
[13:01:03.49] Info: WebRequest [Id: 133] GET 'https://www.pajemploi.urssaf.fr/pajewebinfo/files/live/sites/pajewebinfo/files/contributed/autopromo/OUPS/oups.autopromo.165x145.jpg'
[13:01:03.50] Info: **********************************************
[13:01:03.50] Info: WebRequest [Id: 134] GET 'https://www.pajemploi.urssaf.fr/pajewebinfo/files/live/sites/pajewebinfo/files/contributed/imagesColonneDroite/quel-mode-de-garde.gif'
[13:01:03.50] Info: **********************************************
[13:01:03.50] Info: WebRequest [Id: 135] GET 'https://www.pajemploi.urssaf.fr/pajewebinfo/files/live/sites/pajewebinfo/files/contributed/mpaq/MPAQ-col-droite.gif'
[13:01:03.50] Info: **********************************************
[13:01:03.51] Info: WebRequest [Id: 136] GET 'https://www.pajemploi.urssaf.fr/pajewebinfo/modules/assets/css/images/ui-bg_flat_75_ffffff_40x100.png'
[13:01:03.51] Info: **********************************************
[13:01:03.51] Info: WebRequest [Id: 137] GET 'https://cdn-virtual-agent-enriched.smartly.ai/assets/img/whitecloseicon.png'
[13:01:03.51] Info: **********************************************
[13:01:03.51] Info: WebRequest [Id: 138] GET 'https://cdn-virtual-agent-enriched.smartly.ai/smartchat.min.js'
[13:01:03.52] Info: **********************************************
[13:01:03.52] Info: WebRequest [Id: 139] GET 'https://cdn-virtual-agent-enriched.smartly.ai/assets/js/socket.io.2.0.4.js'
[13:01:03.53] Info: **********************************************
[13:01:03.53] Info: WebRequest [Id: 140] GET 'https://cdn-virtual-agent-enriched.smartly.ai/assets/js/jquery.min.2.2.4.js'
[13:01:03.53] Info: **********************************************
[13:01:03.53] Info: WebRequest [Id: 141] GET 'https://cdn-virtual-agent-enriched.smartly.ai/assets/js/jquery.mCustomScrollbar.concat.min.3.1.3.js'
[13:01:03.54] Info: **********************************************
[13:01:03.54] Info: WebRequest [Id: 142] GET 'https://cdn-virtual-agent-enriched.smartly.ai/css/style.min.css'
[13:01:03.54] Info: **********************************************
[13:01:03.54] Info: WebRequest [Id: 143] GET 'https://cdn-virtual-agent-enriched.smartly.ai/assets/css/jquery.mCustomScrollbar.min.3.1.3.css'
[13:01:03.55] Info: **********************************************
[13:01:03.55] Info: WebRequest [Id: 144] GET 'https://cdn-virtual-agent-enriched.smartly.ai/assets/css/Material+Icons+Sharp.css'
[13:01:03.55] Info: **********************************************
[13:01:03.55] Info: WebRequest [Id: 145] GET 'https://cdn-virtual-agent-enriched.smartly.ai/assets/css/Montserrat.css'
[13:01:03.56] Info: **********************************************
[13:01:03.56] Info: WebRequest [Id: 146] GET 'https://cdn-virtual-agent-enriched.smartly.ai/assets/css/Open+Sans.css'
[13:01:03.56] Info: **********************************************
[13:01:03.56] Info: WebRequest [Id: 147] GET 'https://media-virtual-agent-enriched.smartly.ai/image/16390665562465fa1828decef7c7f9d2d59fewiZSQqwciKsSAVWrNtwm.png'
[13:01:03.56] Info: Created 150 steps.
[13:01:03.57] Info: scenario.yml already exists at 'C:\Users\AC75008734\Desktop\Dossiers\Projets\Projet_1_(LoadRunner_Developer)\LRD\LoadRunner_Developer_2022.2\DevWeb' and will not be updated.
[13:01:03.57] Info: rts.yml already exists at 'C:\Users\AC75008734\Desktop\Dossiers\Projets\Projet_1_(LoadRunner_Developer)\LRD\LoadRunner_Developer_2022.2\DevWeb\rts.yml' and will not be updated.
[13:01:03.58] Info: DevWeb script generated in folder 'C:\Users\AC75008734\Desktop\Dossiers\Projets\Projet_1_(LoadRunner_Developer)\LRD\LoadRunner_Developer_2022.2\DevWeb'.
[13:01:03.61] Info: Save input file as C:\Users\AC75008734\Desktop\Dossiers\Projets\Projet_1_(LoadRunner_Developer)\LRD\LoadRunner_Developer_2022.2\DevWeb\codegen\codegen.har
